0    [pool-1-thread-1] INFO  com.callcenter.thread.EmpleadoThread  - Inicia atendiento a cliente: Fabio Martinez Torres a las: 2018-03-16 11:20:21
0    [pool-1-thread-2] INFO  com.callcenter.thread.EmpleadoThread  - Inicia atendiento a cliente: Isabella a las: 2018-03-16 11:20:21
6    [pool-1-thread-3] INFO  com.callcenter.thread.EmpleadoThread  - Inicia atendiento a cliente: Angela a las: 2018-03-16 11:20:21
7    [pool-1-thread-4] INFO  com.callcenter.thread.EmpleadoThread  - Inicia atendiento a cliente: Alejandra a las: 2018-03-16 11:20:21
9    [pool-1-thread-5] INFO  com.callcenter.thread.EmpleadoThread  - Inicia atendiento a cliente: Jose Rafael a las: 2018-03-16 11:20:21
13   [pool-1-thread-6] INFO  com.callcenter.thread.EmpleadoThread  - Inicia atendiento a cliente: Jose a las: 2018-03-16 11:20:21
20   [pool-1-thread-7] INFO  com.callcenter.thread.EmpleadoThread  - Inicia atendiento a cliente: Gladys a las: 2018-03-16 11:20:21
22   [pool-1-thread-8] INFO  com.callcenter.thread.EmpleadoThread  - Inicia atendiento a cliente: Luisa a las: 2018-03-16 11:20:21
23   [pool-1-thread-9] INFO  com.callcenter.thread.EmpleadoThread  - Inicia atendiento a cliente: Rafael a las: 2018-03-16 11:20:21
25   [main] INFO  com.callcenter.dispatcher.Dispatcher  - Apreciado Lina, en el momento no tenemos disponibilidad, se puesto en espera y luego sera atendido.
5479 [pool-1-thread-3] INFO  com.callcenter.thread.EmpleadoThread  - El cliente: Angela se termino de atender a las: 2018-03-16 11:20:26
5479 [pool-1-thread-3] INFO  com.callcenter.thread.EmpleadoThread  - Inicia atendiento a cliente: Lina a las: 2018-03-16 11:20:26
5551 [pool-1-thread-7] INFO  com.callcenter.thread.EmpleadoThread  - El cliente: Gladys se termino de atender a las: 2018-03-16 11:20:26
5930 [pool-1-thread-6] INFO  com.callcenter.thread.EmpleadoThread  - El cliente: Jose se termino de atender a las: 2018-03-16 11:20:27
6047 [pool-1-thread-1] INFO  com.callcenter.thread.EmpleadoThread  - El cliente: Fabio Martinez Torres se termino de atender a las: 2018-03-16 11:20:27
6118 [pool-1-thread-4] INFO  com.callcenter.thread.EmpleadoThread  - El cliente: Alejandra se termino de atender a las: 2018-03-16 11:20:27
6237 [pool-1-thread-5] INFO  com.callcenter.thread.EmpleadoThread  - El cliente: Jose Rafael se termino de atender a las: 2018-03-16 11:20:27
7387 [pool-1-thread-9] INFO  com.callcenter.thread.EmpleadoThread  - El cliente: Rafael se termino de atender a las: 2018-03-16 11:20:28
7683 [pool-1-thread-8] INFO  com.callcenter.thread.EmpleadoThread  - El cliente: Luisa se termino de atender a las: 2018-03-16 11:20:29
7835 [pool-1-thread-2] INFO  com.callcenter.thread.EmpleadoThread  - El cliente: Isabella se termino de atender a las: 2018-03-16 11:20:29
11117 [pool-1-thread-3] INFO  com.callcenter.thread.EmpleadoThread  - El cliente: Lina se termino de atender a las: 2018-03-16 11:20:32
0    [pool-1-thread-1] INFO  com.callcenter.thread.EmpleadoThread  - Inicia atendiento a cliente: Fabio Martinez Torres a las: 2018-03-16 11:21:24
0    [pool-1-thread-2] INFO  com.callcenter.thread.EmpleadoThread  - Inicia atendiento a cliente: Isabella a las: 2018-03-16 11:21:24
9    [pool-1-thread-3] INFO  com.callcenter.thread.EmpleadoThread  - Inicia atendiento a cliente: Angela a las: 2018-03-16 11:21:24
12   [pool-1-thread-4] INFO  com.callcenter.thread.EmpleadoThread  - Inicia atendiento a cliente: Alejandra a las: 2018-03-16 11:21:24
17   [pool-1-thread-5] INFO  com.callcenter.thread.EmpleadoThread  - Inicia atendiento a cliente: Jose Rafael a las: 2018-03-16 11:21:24
19   [pool-1-thread-6] INFO  com.callcenter.thread.EmpleadoThread  - Inicia atendiento a cliente: Jose a las: 2018-03-16 11:21:24
20   [pool-1-thread-7] INFO  com.callcenter.thread.EmpleadoThread  - Inicia atendiento a cliente: Gladys a las: 2018-03-16 11:21:24
21   [pool-1-thread-8] INFO  com.callcenter.thread.EmpleadoThread  - Inicia atendiento a cliente: Luisa a las: 2018-03-16 11:21:24
23   [pool-1-thread-9] INFO  com.callcenter.thread.EmpleadoThread  - Inicia atendiento a cliente: Rafael a las: 2018-03-16 11:21:24
24   [main] INFO  com.callcenter.dispatcher.Dispatcher  - Apreciado Lina, en el momento no tenemos disponibilidad, se puesto en espera y luego sera atendido.
5445 [pool-1-thread-5] INFO  com.callcenter.thread.EmpleadoThread  - El cliente: Jose Rafael se termino de atender a las: 2018-03-16 11:21:30
5445 [pool-1-thread-5] INFO  com.callcenter.thread.EmpleadoThread  - Inicia atendiento a cliente: Lina a las: 2018-03-16 11:21:30
5549 [pool-1-thread-2] INFO  com.callcenter.thread.EmpleadoThread  - El cliente: Isabella se termino de atender a las: 2018-03-16 11:21:30
5577 [pool-1-thread-1] INFO  com.callcenter.thread.EmpleadoThread  - El cliente: Fabio Martinez Torres se termino de atender a las: 2018-03-16 11:21:30
6828 [pool-1-thread-8] INFO  com.callcenter.thread.EmpleadoThread  - El cliente: Luisa se termino de atender a las: 2018-03-16 11:21:31
8069 [pool-1-thread-3] INFO  com.callcenter.thread.EmpleadoThread  - El cliente: Angela se termino de atender a las: 2018-03-16 11:21:32
8248 [pool-1-thread-7] INFO  com.callcenter.thread.EmpleadoThread  - El cliente: Gladys se termino de atender a las: 2018-03-16 11:21:32
8794 [pool-1-thread-9] INFO  com.callcenter.thread.EmpleadoThread  - El cliente: Rafael se termino de atender a las: 2018-03-16 11:21:33
9145 [pool-1-thread-6] INFO  com.callcenter.thread.EmpleadoThread  - El cliente: Jose se termino de atender a las: 2018-03-16 11:21:33
9151 [pool-1-thread-4] INFO  com.callcenter.thread.EmpleadoThread  - El cliente: Alejandra se termino de atender a las: 2018-03-16 11:21:33
12389 [pool-1-thread-5] INFO  com.callcenter.thread.EmpleadoThread  - El cliente: Lina se termino de atender a las: 2018-03-16 11:21:37
0    [pool-1-thread-1] INFO  com.callcenter.thread.EmpleadoThread  - Inicia atendiento a cliente: Fabio Martinez Torres a las: 2018-03-16 11:22:45
9    [pool-1-thread-2] INFO  com.callcenter.thread.EmpleadoThread  - Inicia atendiento a cliente: Isabella a las: 2018-03-16 11:22:45
11   [pool-1-thread-3] INFO  com.callcenter.thread.EmpleadoThread  - Inicia atendiento a cliente: Angela a las: 2018-03-16 11:22:45
12   [pool-1-thread-4] INFO  com.callcenter.thread.EmpleadoThread  - Inicia atendiento a cliente: Alejandra a las: 2018-03-16 11:22:45
13   [pool-1-thread-5] INFO  com.callcenter.thread.EmpleadoThread  - Inicia atendiento a cliente: Jose Rafael a las: 2018-03-16 11:22:45
17   [pool-1-thread-6] INFO  com.callcenter.thread.EmpleadoThread  - Inicia atendiento a cliente: Jose a las: 2018-03-16 11:22:45
19   [pool-1-thread-7] INFO  com.callcenter.thread.EmpleadoThread  - Inicia atendiento a cliente: Gladys a las: 2018-03-16 11:22:45
21   [pool-1-thread-8] INFO  com.callcenter.thread.EmpleadoThread  - Inicia atendiento a cliente: Luisa a las: 2018-03-16 11:22:45
22   [pool-1-thread-9] INFO  com.callcenter.thread.EmpleadoThread  - Inicia atendiento a cliente: Rafael a las: 2018-03-16 11:22:45
24   [main] INFO  com.callcenter.dispatcher.Dispatcher  - Apreciado Lina, en el momento no tenemos disponibilidad, se puesto en espera y luego sera atendido.
5489 [pool-1-thread-7] INFO  com.callcenter.thread.EmpleadoThread  - El cliente: Gladys se termino de atender a las: 2018-03-16 11:22:50
5490 [pool-1-thread-7] INFO  com.callcenter.thread.EmpleadoThread  - Inicia atendiento a cliente: Lina a las: 2018-03-16 11:22:50
6774 [pool-1-thread-1] INFO  com.callcenter.thread.EmpleadoThread  - El cliente: Fabio Martinez Torres se termino de atender a las: 2018-03-16 11:22:51
6781 [pool-1-thread-8] INFO  com.callcenter.thread.EmpleadoThread  - El cliente: Luisa se termino de atender a las: 2018-03-16 11:22:51
7868 [pool-1-thread-9] INFO  com.callcenter.thread.EmpleadoThread  - El cliente: Rafael se termino de atender a las: 2018-03-16 11:22:53
7893 [pool-1-thread-3] INFO  com.callcenter.thread.EmpleadoThread  - El cliente: Angela se termino de atender a las: 2018-03-16 11:22:53
7898 [pool-1-thread-4] INFO  com.callcenter.thread.EmpleadoThread  - El cliente: Alejandra se termino de atender a las: 2018-03-16 11:22:53
8454 [pool-1-thread-5] INFO  com.callcenter.thread.EmpleadoThread  - El cliente: Jose Rafael se termino de atender a las: 2018-03-16 11:22:53
8767 [pool-1-thread-2] INFO  com.callcenter.thread.EmpleadoThread  - El cliente: Isabella se termino de atender a las: 2018-03-16 11:22:53
9689 [pool-1-thread-6] INFO  com.callcenter.thread.EmpleadoThread  - El cliente: Jose se termino de atender a las: 2018-03-16 11:22:54
13459 [pool-1-thread-7] INFO  com.callcenter.thread.EmpleadoThread  - El cliente: Lina se termino de atender a las: 2018-03-16 11:22:58
0    [pool-1-thread-1] INFO  com.callcenter.thread.EmpleadoThread  - Inicia atendiento a cliente: Fabio Martinez Torres a las: 2018-03-16 11:23:48
0    [pool-1-thread-2] INFO  com.callcenter.thread.EmpleadoThread  - Inicia atendiento a cliente: Isabella a las: 2018-03-16 11:23:48
4    [pool-1-thread-3] INFO  com.callcenter.thread.EmpleadoThread  - Inicia atendiento a cliente: Angela a las: 2018-03-16 11:23:48
5    [pool-1-thread-4] INFO  com.callcenter.thread.EmpleadoThread  - Inicia atendiento a cliente: Alejandra a las: 2018-03-16 11:23:48
6    [pool-1-thread-5] INFO  com.callcenter.thread.EmpleadoThread  - Inicia atendiento a cliente: Jose Rafael a las: 2018-03-16 11:23:48
6    [main] INFO  com.callcenter.dispatcher.Dispatcher  - Apreciado Lina, en el momento no tenemos disponibilidad, se puesto en espera y luego sera atendido.
8    [pool-1-thread-6] INFO  com.callcenter.thread.EmpleadoThread  - Inicia atendiento a cliente: Jose a las: 2018-03-16 11:23:48
9    [pool-1-thread-7] INFO  com.callcenter.thread.EmpleadoThread  - Inicia atendiento a cliente: Gladys a las: 2018-03-16 11:23:48
10   [pool-1-thread-8] INFO  com.callcenter.thread.EmpleadoThread  - Inicia atendiento a cliente: Luisa a las: 2018-03-16 11:23:48
10   [pool-1-thread-9] INFO  com.callcenter.thread.EmpleadoThread  - Inicia atendiento a cliente: Rafael a las: 2018-03-16 11:23:48
5427 [pool-1-thread-1] INFO  com.callcenter.thread.EmpleadoThread  - El cliente: Fabio Martinez Torres se termino de atender a las: 2018-03-16 11:23:53
5428 [pool-1-thread-1] INFO  com.callcenter.thread.EmpleadoThread  - Inicia atendiento a cliente: Lina a las: 2018-03-16 11:23:53
5468 [pool-1-thread-4] INFO  com.callcenter.thread.EmpleadoThread  - El cliente: Alejandra se termino de atender a las: 2018-03-16 11:23:53
6317 [pool-1-thread-7] INFO  com.callcenter.thread.EmpleadoThread  - El cliente: Gladys se termino de atender a las: 2018-03-16 11:23:54
6466 [pool-1-thread-5] INFO  com.callcenter.thread.EmpleadoThread  - El cliente: Jose Rafael se termino de atender a las: 2018-03-16 11:23:54
8279 [pool-1-thread-8] INFO  com.callcenter.thread.EmpleadoThread  - El cliente: Luisa se termino de atender a las: 2018-03-16 11:23:56
9001 [pool-1-thread-3] INFO  com.callcenter.thread.EmpleadoThread  - El cliente: Angela se termino de atender a las: 2018-03-16 11:23:57
9175 [pool-1-thread-9] INFO  com.callcenter.thread.EmpleadoThread  - El cliente: Rafael se termino de atender a las: 2018-03-16 11:23:57
9450 [pool-1-thread-6] INFO  com.callcenter.thread.EmpleadoThread  - El cliente: Jose se termino de atender a las: 2018-03-16 11:23:57
9692 [pool-1-thread-2] INFO  com.callcenter.thread.EmpleadoThread  - El cliente: Isabella se termino de atender a las: 2018-03-16 11:23:57
12243 [pool-1-thread-1] INFO  com.callcenter.thread.EmpleadoThread  - El cliente: Lina se termino de atender a las: 2018-03-16 11:24:00
0    [pool-1-thread-1] INFO  com.callcenter.thread.EmpleadoThread  - Inicia atendiento a cliente: Fabio Martinez Torres a las: 2018-03-16 11:25:27
0    [pool-1-thread-4] INFO  com.callcenter.thread.EmpleadoThread  - Inicia atendiento a cliente: Alejandra a las: 2018-03-16 11:25:27
0    [pool-1-thread-3] INFO  com.callcenter.thread.EmpleadoThread  - Inicia atendiento a cliente: Angela a las: 2018-03-16 11:25:27
0    [pool-1-thread-2] INFO  com.callcenter.thread.EmpleadoThread  - Inicia atendiento a cliente: Isabella a las: 2018-03-16 11:25:27
0    [main] INFO  com.callcenter.dispatcher.Dispatcher  - Apreciado Lina, en el momento no tenemos disponibilidad, se puesto en espera y luego sera atendido.
13   [pool-1-thread-5] INFO  com.callcenter.thread.EmpleadoThread  - Inicia atendiento a cliente: Jose Rafael a las: 2018-03-16 11:25:27
13   [pool-1-thread-6] INFO  com.callcenter.thread.EmpleadoThread  - Inicia atendiento a cliente: Jose a las: 2018-03-16 11:25:27
14   [pool-1-thread-7] INFO  com.callcenter.thread.EmpleadoThread  - Inicia atendiento a cliente: Gladys a las: 2018-03-16 11:25:27
14   [pool-1-thread-8] INFO  com.callcenter.thread.EmpleadoThread  - Inicia atendiento a cliente: Luisa a las: 2018-03-16 11:25:27
14   [pool-1-thread-9] INFO  com.callcenter.thread.EmpleadoThread  - Inicia atendiento a cliente: Rafael a las: 2018-03-16 11:25:27
6248 [pool-1-thread-9] INFO  com.callcenter.thread.EmpleadoThread  - El cliente: Rafael se termino de atender a las: 2018-03-16 11:25:34
6249 [pool-1-thread-9] INFO  com.callcenter.thread.EmpleadoThread  - Inicia atendiento a cliente: Lina a las: 2018-03-16 11:25:34
6428 [pool-1-thread-5] INFO  com.callcenter.thread.EmpleadoThread  - El cliente: Jose Rafael se termino de atender a las: 2018-03-16 11:25:34
7127 [pool-1-thread-6] INFO  com.callcenter.thread.EmpleadoThread  - El cliente: Jose se termino de atender a las: 2018-03-16 11:25:34
7218 [pool-1-thread-8] INFO  com.callcenter.thread.EmpleadoThread  - El cliente: Luisa se termino de atender a las: 2018-03-16 11:25:35
7890 [pool-1-thread-7] INFO  com.callcenter.thread.EmpleadoThread  - El cliente: Gladys se termino de atender a las: 2018-03-16 11:25:35
8798 [pool-1-thread-3] INFO  com.callcenter.thread.EmpleadoThread  - El cliente: Angela se termino de atender a las: 2018-03-16 11:25:36
8977 [pool-1-thread-2] INFO  com.callcenter.thread.EmpleadoThread  - El cliente: Isabella se termino de atender a las: 2018-03-16 11:25:36
9022 [pool-1-thread-4] INFO  com.callcenter.thread.EmpleadoThread  - El cliente: Alejandra se termino de atender a las: 2018-03-16 11:25:36
9115 [pool-1-thread-1] INFO  com.callcenter.thread.EmpleadoThread  - El cliente: Fabio Martinez Torres se termino de atender a las: 2018-03-16 11:25:36
14962 [pool-1-thread-9] INFO  com.callcenter.thread.EmpleadoThread  - El cliente: Lina se termino de atender a las: 2018-03-16 11:25:42
0    [pool-1-thread-1] INFO  com.callcenter.thread.EmpleadoThread  - Inicia atendiento a cliente: Fabio Martinez Torres a las: 2018-03-16 11:34:30
0    [pool-1-thread-3] INFO  com.callcenter.thread.EmpleadoThread  - Inicia atendiento a cliente: Angela a las: 2018-03-16 11:34:30
0    [pool-1-thread-2] INFO  com.callcenter.thread.EmpleadoThread  - Inicia atendiento a cliente: Isabella a las: 2018-03-16 11:34:30
0    [main] INFO  com.callcenter.dispatcher.Dispatcher  - Apreciado Rafael, en el momento no tenemos disponibilidad, se puesto en espera y luego sera atendido.
0    [pool-1-thread-5] INFO  com.callcenter.thread.EmpleadoThread  - Inicia atendiento a cliente: Jose Rafael a las: 2018-03-16 11:34:30
12   [pool-1-thread-4] INFO  com.callcenter.thread.EmpleadoThread  - Inicia atendiento a cliente: Alejandra a las: 2018-03-16 11:34:30
12   [pool-1-thread-6] INFO  com.callcenter.thread.EmpleadoThread  - Inicia atendiento a cliente: Jose a las: 2018-03-16 11:34:30
12   [main] INFO  com.callcenter.dispatcher.Dispatcher  - Apreciado Lina, en el momento no tenemos disponibilidad, se puesto en espera y luego sera atendido.
12   [pool-1-thread-7] INFO  com.callcenter.thread.EmpleadoThread  - Inicia atendiento a cliente: Gladys a las: 2018-03-16 11:34:30
12   [pool-1-thread-8] INFO  com.callcenter.thread.EmpleadoThread  - Inicia atendiento a cliente: Luisa a las: 2018-03-16 11:34:30
12   [pool-1-thread-9] INFO  com.callcenter.thread.EmpleadoThread  - Inicia atendiento a cliente: Rafael a las: 2018-03-16 11:34:30
0    [pool-1-thread-1] INFO  com.callcenter.thread.EmpleadoThread  - Inicia atendiento a cliente: Fabio Martinez Torres a las: 2018-03-16 11:35:27
0    [pool-1-thread-4] INFO  com.callcenter.thread.EmpleadoThread  - Inicia atendiento a cliente: Alejandra a las: 2018-03-16 11:35:27
0    [pool-1-thread-3] INFO  com.callcenter.thread.EmpleadoThread  - Inicia atendiento a cliente: Angela a las: 2018-03-16 11:35:27
0    [pool-1-thread-2] INFO  com.callcenter.thread.EmpleadoThread  - Inicia atendiento a cliente: Isabella a las: 2018-03-16 11:35:27
7    [main] INFO  com.callcenter.dispatcher.Dispatcher  - Apreciado Lina, en el momento no tenemos disponibilidad, se puesto en espera y luego sera atendido.
7    [pool-1-thread-5] INFO  com.callcenter.thread.EmpleadoThread  - Inicia atendiento a cliente: Jose Rafael a las: 2018-03-16 11:35:27
7    [pool-1-thread-6] INFO  com.callcenter.thread.EmpleadoThread  - Inicia atendiento a cliente: Jose a las: 2018-03-16 11:35:27
7    [pool-1-thread-7] INFO  com.callcenter.thread.EmpleadoThread  - Inicia atendiento a cliente: Gladys a las: 2018-03-16 11:35:27
8    [pool-1-thread-8] INFO  com.callcenter.thread.EmpleadoThread  - Inicia atendiento a cliente: Luisa a las: 2018-03-16 11:35:27
8    [pool-1-thread-9] INFO  com.callcenter.thread.EmpleadoThread  - Inicia atendiento a cliente: Rafael a las: 2018-03-16 11:35:27
8    [pool-1-thread-10] INFO  com.callcenter.thread.EmpleadoThread  - Inicia atendiento a cliente: Lina a las: 2018-03-16 11:35:27
0    [pool-1-thread-1] INFO  com.callcenter.thread.EmpleadoThread  - Inicia atendiento a cliente: Fabio Martinez Torres a las: 2018-03-16 11:36:14
0    [pool-1-thread-3] INFO  com.callcenter.thread.EmpleadoThread  - Inicia atendiento a cliente: Angela a las: 2018-03-16 11:36:14
0    [pool-1-thread-2] INFO  com.callcenter.thread.EmpleadoThread  - Inicia atendiento a cliente: Isabella a las: 2018-03-16 11:36:14
14   [main] INFO  com.callcenter.dispatcher.Dispatcher  - Apreciado Lina, en el momento no tenemos disponibilidad, se puesto en espera y luego sera atendido.
14   [pool-1-thread-4] INFO  com.callcenter.thread.EmpleadoThread  - Inicia atendiento a cliente: Alejandra a las: 2018-03-16 11:36:14
14   [pool-1-thread-5] INFO  com.callcenter.thread.EmpleadoThread  - Inicia atendiento a cliente: Jose Rafael a las: 2018-03-16 11:36:14
15   [pool-1-thread-6] INFO  com.callcenter.thread.EmpleadoThread  - Inicia atendiento a cliente: Jose a las: 2018-03-16 11:36:14
15   [pool-1-thread-7] INFO  com.callcenter.thread.EmpleadoThread  - Inicia atendiento a cliente: Gladys a las: 2018-03-16 11:36:14
16   [pool-1-thread-8] INFO  com.callcenter.thread.EmpleadoThread  - Inicia atendiento a cliente: Luisa a las: 2018-03-16 11:36:14
16   [pool-1-thread-9] INFO  com.callcenter.thread.EmpleadoThread  - Inicia atendiento a cliente: Rafael a las: 2018-03-16 11:36:14
16   [pool-1-thread-10] INFO  com.callcenter.thread.EmpleadoThread  - Inicia atendiento a cliente: Lina a las: 2018-03-16 11:36:14
17   [main] INFO  com.callcenter.dispatcher.Dispatcher  - Apreciado Fabio Martinez Torres, en el momento no tenemos disponibilidad, se puesto en espera y luego sera atendido.
17   [main] INFO  com.callcenter.dispatcher.Dispatcher  - Apreciado Isabella, en el momento no tenemos disponibilidad, se puesto en espera y luego sera atendido.
17   [pool-2-thread-1] INFO  com.callcenter.thread.EmpleadoThread  - Inicia atendiento a cliente: Fabio Martinez Torres a las: 2018-03-16 11:36:14
18   [main] INFO  com.callcenter.dispatcher.Dispatcher  - Apreciado Angela, en el momento no tenemos disponibilidad, se puesto en espera y luego sera atendido.
18   [pool-2-thread-2] INFO  com.callcenter.thread.EmpleadoThread  - Inicia atendiento a cliente: Isabella a las: 2018-03-16 11:36:14
18   [main] INFO  com.callcenter.dispatcher.Dispatcher  - Apreciado Alejandra, en el momento no tenemos disponibilidad, se puesto en espera y luego sera atendido.
18   [pool-2-thread-3] INFO  com.callcenter.thread.EmpleadoThread  - Inicia atendiento a cliente: Angela a las: 2018-03-16 11:36:14
19   [main] INFO  com.callcenter.dispatcher.Dispatcher  - Apreciado Jose Rafael, en el momento no tenemos disponibilidad, se puesto en espera y luego sera atendido.
19   [pool-2-thread-4] INFO  com.callcenter.thread.EmpleadoThread  - Inicia atendiento a cliente: Alejandra a las: 2018-03-16 11:36:14
19   [main] INFO  com.callcenter.dispatcher.Dispatcher  - Apreciado Jose, en el momento no tenemos disponibilidad, se puesto en espera y luego sera atendido.
19   [pool-2-thread-5] INFO  com.callcenter.thread.EmpleadoThread  - Inicia atendiento a cliente: Jose Rafael a las: 2018-03-16 11:36:14
20   [main] INFO  com.callcenter.dispatcher.Dispatcher  - Apreciado Gladys, en el momento no tenemos disponibilidad, se puesto en espera y luego sera atendido.
20   [pool-2-thread-6] INFO  com.callcenter.thread.EmpleadoThread  - Inicia atendiento a cliente: Jose a las: 2018-03-16 11:36:14
21   [main] INFO  com.callcenter.dispatcher.Dispatcher  - Apreciado Luisa, en el momento no tenemos disponibilidad, se puesto en espera y luego sera atendido.
21   [pool-2-thread-7] INFO  com.callcenter.thread.EmpleadoThread  - Inicia atendiento a cliente: Gladys a las: 2018-03-16 11:36:14
21   [pool-2-thread-8] INFO  com.callcenter.thread.EmpleadoThread  - Inicia atendiento a cliente: Luisa a las: 2018-03-16 11:36:14
21   [main] INFO  com.callcenter.dispatcher.Dispatcher  - Apreciado Rafael, en el momento no tenemos disponibilidad, se puesto en espera y luego sera atendido.
22   [main] INFO  com.callcenter.dispatcher.Dispatcher  - Apreciado Lina, en el momento no tenemos disponibilidad, se puesto en espera y luego sera atendido.
22   [pool-2-thread-9] INFO  com.callcenter.thread.EmpleadoThread  - Inicia atendiento a cliente: Rafael a las: 2018-03-16 11:36:14
22   [main] INFO  com.callcenter.dispatcher.Dispatcher  - Apreciado Elsa, en el momento no tenemos disponibilidad, se puesto en espera y luego sera atendido.
22   [pool-2-thread-10] INFO  com.callcenter.thread.EmpleadoThread  - Inicia atendiento a cliente: Lina a las: 2018-03-16 11:36:14
0    [pool-1-thread-1] INFO  com.callcenter.thread.EmpleadoThread  - Inicia atendiento a cliente: Fabio Martinez Torres a las: 2018-03-16 11:36:52
3    [main] INFO  com.callcenter.dispatcher.Dispatcher  - Apreciado Lina, en el momento no tenemos disponibilidad, se puesto en espera y luego sera atendido.
3    [pool-1-thread-2] INFO  com.callcenter.thread.EmpleadoThread  - Inicia atendiento a cliente: Isabella a las: 2018-03-16 11:36:52
4    [pool-1-thread-3] INFO  com.callcenter.thread.EmpleadoThread  - Inicia atendiento a cliente: Angela a las: 2018-03-16 11:36:52
4    [pool-1-thread-4] INFO  com.callcenter.thread.EmpleadoThread  - Inicia atendiento a cliente: Alejandra a las: 2018-03-16 11:36:52
4    [pool-1-thread-5] INFO  com.callcenter.thread.EmpleadoThread  - Inicia atendiento a cliente: Jose Rafael a las: 2018-03-16 11:36:52
4    [pool-1-thread-6] INFO  com.callcenter.thread.EmpleadoThread  - Inicia atendiento a cliente: Jose a las: 2018-03-16 11:36:52
5    [pool-1-thread-7] INFO  com.callcenter.thread.EmpleadoThread  - Inicia atendiento a cliente: Gladys a las: 2018-03-16 11:36:52
5    [pool-1-thread-8] INFO  com.callcenter.thread.EmpleadoThread  - Inicia atendiento a cliente: Luisa a las: 2018-03-16 11:36:52
5    [pool-1-thread-9] INFO  com.callcenter.thread.EmpleadoThread  - Inicia atendiento a cliente: Rafael a las: 2018-03-16 11:36:52
5    [pool-1-thread-10] INFO  com.callcenter.thread.EmpleadoThread  - Inicia atendiento a cliente: Lina a las: 2018-03-16 11:36:52
10   [main] INFO  com.callcenter.dispatcher.Dispatcher  - Apreciado Fabio Martinez Torres, en el momento no tenemos disponibilidad, se puesto en espera y luego sera atendido.
11   [main] INFO  com.callcenter.dispatcher.Dispatcher  - Apreciado Isabella, en el momento no tenemos disponibilidad, se puesto en espera y luego sera atendido.
11   [pool-2-thread-1] INFO  com.callcenter.thread.EmpleadoThread  - Inicia atendiento a cliente: Fabio Martinez Torres a las: 2018-03-16 11:36:53
11   [main] INFO  com.callcenter.dispatcher.Dispatcher  - Apreciado Angela, en el momento no tenemos disponibilidad, se puesto en espera y luego sera atendido.
11   [pool-2-thread-2] INFO  com.callcenter.thread.EmpleadoThread  - Inicia atendiento a cliente: Isabella a las: 2018-03-16 11:36:53
12   [main] INFO  com.callcenter.dispatcher.Dispatcher  - Apreciado Alejandra, en el momento no tenemos disponibilidad, se puesto en espera y luego sera atendido.
12   [pool-2-thread-3] INFO  com.callcenter.thread.EmpleadoThread  - Inicia atendiento a cliente: Angela a las: 2018-03-16 11:36:53
12   [main] INFO  com.callcenter.dispatcher.Dispatcher  - Apreciado Jose Rafael, en el momento no tenemos disponibilidad, se puesto en espera y luego sera atendido.
13   [main] INFO  com.callcenter.dispatcher.Dispatcher  - Apreciado Jose, en el momento no tenemos disponibilidad, se puesto en espera y luego sera atendido.
13   [pool-2-thread-4] INFO  com.callcenter.thread.EmpleadoThread  - Inicia atendiento a cliente: Alejandra a las: 2018-03-16 11:36:53
13   [pool-2-thread-5] INFO  com.callcenter.thread.EmpleadoThread  - Inicia atendiento a cliente: Jose Rafael a las: 2018-03-16 11:36:53
13   [main] INFO  com.callcenter.dispatcher.Dispatcher  - Apreciado Gladys, en el momento no tenemos disponibilidad, se puesto en espera y luego sera atendido.
14   [pool-2-thread-6] INFO  com.callcenter.thread.EmpleadoThread  - Inicia atendiento a cliente: Jose a las: 2018-03-16 11:36:53
14   [main] INFO  com.callcenter.dispatcher.Dispatcher  - Apreciado Luisa, en el momento no tenemos disponibilidad, se puesto en espera y luego sera atendido.
14   [main] INFO  com.callcenter.dispatcher.Dispatcher  - Apreciado Rafael, en el momento no tenemos disponibilidad, se puesto en espera y luego sera atendido.
15   [main] INFO  com.callcenter.dispatcher.Dispatcher  - Apreciado Lina, en el momento no tenemos disponibilidad, se puesto en espera y luego sera atendido.
15   [pool-2-thread-7] INFO  com.callcenter.thread.EmpleadoThread  - Inicia atendiento a cliente: Gladys a las: 2018-03-16 11:36:53
15   [main] INFO  com.callcenter.dispatcher.Dispatcher  - Apreciado Elsa, en el momento no tenemos disponibilidad, se puesto en espera y luego sera atendido.
15   [pool-2-thread-8] INFO  com.callcenter.thread.EmpleadoThread  - Inicia atendiento a cliente: Luisa a las: 2018-03-16 11:36:53
16   [pool-2-thread-9] INFO  com.callcenter.thread.EmpleadoThread  - Inicia atendiento a cliente: Rafael a las: 2018-03-16 11:36:53
16   [pool-2-thread-10] INFO  com.callcenter.thread.EmpleadoThread  - Inicia atendiento a cliente: Lina a las: 2018-03-16 11:36:53
0    [pool-1-thread-2] INFO  com.callcenter.thread.EmpleadoThread  - Inicia atendiento a cliente: Isabella a las: 2018-03-16 11:37:10
1    [pool-1-thread-1] INFO  com.callcenter.thread.EmpleadoThread  - Inicia atendiento a cliente: Fabio Martinez Torres a las: 2018-03-16 11:37:10
3    [pool-1-thread-3] INFO  com.callcenter.thread.EmpleadoThread  - Inicia atendiento a cliente: Angela a las: 2018-03-16 11:37:10
3    [pool-1-thread-4] INFO  com.callcenter.thread.EmpleadoThread  - Inicia atendiento a cliente: Alejandra a las: 2018-03-16 11:37:10
3    [pool-1-thread-5] INFO  com.callcenter.thread.EmpleadoThread  - Inicia atendiento a cliente: Jose Rafael a las: 2018-03-16 11:37:10
4    [pool-1-thread-6] INFO  com.callcenter.thread.EmpleadoThread  - Inicia atendiento a cliente: Jose a las: 2018-03-16 11:37:10
7    [main] INFO  com.callcenter.dispatcher.Dispatcher  - Apreciado Lina, en el momento no tenemos disponibilidad, se puesto en espera y luego sera atendido.
11   [pool-1-thread-7] INFO  com.callcenter.thread.EmpleadoThread  - Inicia atendiento a cliente: Gladys a las: 2018-03-16 11:37:10
25   [main] INFO  com.callcenter.dispatcher.Dispatcher  - Apreciado Fabio Martinez Torres, en el momento no tenemos disponibilidad, se puesto en espera y luego sera atendido.
25   [pool-1-thread-8] INFO  com.callcenter.thread.EmpleadoThread  - Inicia atendiento a cliente: Luisa a las: 2018-03-16 11:37:10
26   [main] INFO  com.callcenter.dispatcher.Dispatcher  - Apreciado Isabella, en el momento no tenemos disponibilidad, se puesto en espera y luego sera atendido.
26   [main] INFO  com.callcenter.dispatcher.Dispatcher  - Apreciado Angela, en el momento no tenemos disponibilidad, se puesto en espera y luego sera atendido.
27   [main] INFO  com.callcenter.dispatcher.Dispatcher  - Apreciado Alejandra, en el momento no tenemos disponibilidad, se puesto en espera y luego sera atendido.
29   [main] INFO  com.callcenter.dispatcher.Dispatcher  - Apreciado Jose Rafael, en el momento no tenemos disponibilidad, se puesto en espera y luego sera atendido.
29   [pool-1-thread-9] INFO  com.callcenter.thread.EmpleadoThread  - Inicia atendiento a cliente: Rafael a las: 2018-03-16 11:37:10
29   [pool-1-thread-10] INFO  com.callcenter.thread.EmpleadoThread  - Inicia atendiento a cliente: Lina a las: 2018-03-16 11:37:10
29   [main] INFO  com.callcenter.dispatcher.Dispatcher  - Apreciado Jose, en el momento no tenemos disponibilidad, se puesto en espera y luego sera atendido.
30   [main] INFO  com.callcenter.dispatcher.Dispatcher  - Apreciado Gladys, en el momento no tenemos disponibilidad, se puesto en espera y luego sera atendido.
31   [main] INFO  com.callcenter.dispatcher.Dispatcher  - Apreciado Luisa, en el momento no tenemos disponibilidad, se puesto en espera y luego sera atendido.
32   [main] INFO  com.callcenter.dispatcher.Dispatcher  - Apreciado Rafael, en el momento no tenemos disponibilidad, se puesto en espera y luego sera atendido.
33   [main] INFO  com.callcenter.dispatcher.Dispatcher  - Apreciado Lina, en el momento no tenemos disponibilidad, se puesto en espera y luego sera atendido.
33   [main] INFO  com.callcenter.dispatcher.Dispatcher  - Apreciado Elsa, en el momento no tenemos disponibilidad, se puesto en espera y luego sera atendido.
34   [pool-2-thread-1] INFO  com.callcenter.thread.EmpleadoThread  - Inicia atendiento a cliente: Fabio Martinez Torres a las: 2018-03-16 11:37:10
34   [pool-2-thread-2] INFO  com.callcenter.thread.EmpleadoThread  - Inicia atendiento a cliente: Isabella a las: 2018-03-16 11:37:10
36   [pool-2-thread-4] INFO  com.callcenter.thread.EmpleadoThread  - Inicia atendiento a cliente: Alejandra a las: 2018-03-16 11:37:10
0    [pool-1-thread-1] INFO  com.callcenter.thread.EmpleadoThread  - Inicia atendiento a cliente: Fabio Martinez Torres a las: 2018-03-16 11:37:33
0    [pool-1-thread-2] INFO  com.callcenter.thread.EmpleadoThread  - Inicia atendiento a cliente: Isabella a las: 2018-03-16 11:37:33
15   [pool-1-thread-3] INFO  com.callcenter.thread.EmpleadoThread  - Inicia atendiento a cliente: Angela a las: 2018-03-16 11:37:33
15   [main] INFO  com.callcenter.dispatcher.Dispatcher  - Apreciado Lina, en el momento no tenemos disponibilidad, se puesto en espera y luego sera atendido.
17   [pool-1-thread-4] INFO  com.callcenter.thread.EmpleadoThread  - Inicia atendiento a cliente: Alejandra a las: 2018-03-16 11:37:33
19   [pool-1-thread-5] INFO  com.callcenter.thread.EmpleadoThread  - Inicia atendiento a cliente: Jose Rafael a las: 2018-03-16 11:37:33
20   [pool-1-thread-6] INFO  com.callcenter.thread.EmpleadoThread  - Inicia atendiento a cliente: Jose a las: 2018-03-16 11:37:33
32   [main] INFO  com.callcenter.dispatcher.Dispatcher  - Apreciado Fabio Martinez Torres, en el momento no tenemos disponibilidad, se puesto en espera y luego sera atendido.
33   [main] INFO  com.callcenter.dispatcher.Dispatcher  - Apreciado Isabella, en el momento no tenemos disponibilidad, se puesto en espera y luego sera atendido.
33   [pool-1-thread-8] INFO  com.callcenter.thread.EmpleadoThread  - Inicia atendiento a cliente: Luisa a las: 2018-03-16 11:37:33
33   [main] INFO  com.callcenter.dispatcher.Dispatcher  - Apreciado Angela, en el momento no tenemos disponibilidad, se puesto en espera y luego sera atendido.
34   [pool-1-thread-7] INFO  com.callcenter.thread.EmpleadoThread  - Inicia atendiento a cliente: Gladys a las: 2018-03-16 11:37:33
34   [main] INFO  com.callcenter.dispatcher.Dispatcher  - Apreciado Alejandra, en el momento no tenemos disponibilidad, se puesto en espera y luego sera atendido.
35   [main] INFO  com.callcenter.dispatcher.Dispatcher  - Apreciado Jose Rafael, en el momento no tenemos disponibilidad, se puesto en espera y luego sera atendido.
36   [main] INFO  com.callcenter.dispatcher.Dispatcher  - Apreciado Jose, en el momento no tenemos disponibilidad, se puesto en espera y luego sera atendido.
36   [pool-1-thread-9] INFO  com.callcenter.thread.EmpleadoThread  - Inicia atendiento a cliente: Rafael a las: 2018-03-16 11:37:33
41   [pool-2-thread-1] INFO  com.callcenter.thread.EmpleadoThread  - Inicia atendiento a cliente: Fabio Martinez Torres a las: 2018-03-16 11:37:33
41   [pool-1-thread-10] INFO  com.callcenter.thread.EmpleadoThread  - Inicia atendiento a cliente: Lina a las: 2018-03-16 11:37:33
50   [pool-2-thread-3] INFO  com.callcenter.thread.EmpleadoThread  - Inicia atendiento a cliente: Angela a las: 2018-03-16 11:37:33
50   [pool-2-thread-2] INFO  com.callcenter.thread.EmpleadoThread  - Inicia atendiento a cliente: Isabella a las: 2018-03-16 11:37:33
50   [pool-2-thread-4] INFO  com.callcenter.thread.EmpleadoThread  - Inicia atendiento a cliente: Alejandra a las: 2018-03-16 11:37:33
51   [pool-2-thread-5] INFO  com.callcenter.thread.EmpleadoThread  - Inicia atendiento a cliente: Jose Rafael a las: 2018-03-16 11:37:33
51   [main] INFO  com.callcenter.dispatcher.Dispatcher  - Apreciado Gladys, en el momento no tenemos disponibilidad, se puesto en espera y luego sera atendido.
52   [main] INFO  com.callcenter.dispatcher.Dispatcher  - Apreciado Luisa, en el momento no tenemos disponibilidad, se puesto en espera y luego sera atendido.
56   [main] INFO  com.callcenter.dispatcher.Dispatcher  - Apreciado Rafael, en el momento no tenemos disponibilidad, se puesto en espera y luego sera atendido.
83   [pool-2-thread-7] INFO  com.callcenter.thread.EmpleadoThread  - Inicia atendiento a cliente: Gladys a las: 2018-03-16 11:37:33
83   [pool-2-thread-6] INFO  com.callcenter.thread.EmpleadoThread  - Inicia atendiento a cliente: Jose a las: 2018-03-16 11:37:33
84   [main] INFO  com.callcenter.dispatcher.Dispatcher  - Apreciado Lina, en el momento no tenemos disponibilidad, se puesto en espera y luego sera atendido.
85   [pool-2-thread-8] INFO  com.callcenter.thread.EmpleadoThread  - Inicia atendiento a cliente: Luisa a las: 2018-03-16 11:37:33
85   [main] INFO  com.callcenter.dispatcher.Dispatcher  - Apreciado Elsa, en el momento no tenemos disponibilidad, se puesto en espera y luego sera atendido.
87   [pool-2-thread-9] INFO  com.callcenter.thread.EmpleadoThread  - Inicia atendiento a cliente: Rafael a las: 2018-03-16 11:37:33
98   [pool-2-thread-10] INFO  com.callcenter.thread.EmpleadoThread  - Inicia atendiento a cliente: Lina a las: 2018-03-16 11:37:33
5048 [pool-1-thread-6] INFO  com.callcenter.thread.EmpleadoThread  - El cliente: Jose se termino de atender a las: 2018-03-16 11:37:38
5711 [pool-2-thread-3] INFO  com.callcenter.thread.EmpleadoThread  - El cliente: Angela se termino de atender a las: 2018-03-16 11:37:39
5711 [pool-2-thread-3] INFO  com.callcenter.thread.EmpleadoThread  - Inicia atendiento a cliente: Elsa a las: 2018-03-16 11:37:39
5757 [pool-2-thread-5] INFO  com.callcenter.thread.EmpleadoThread  - El cliente: Jose Rafael se termino de atender a las: 2018-03-16 11:37:39
5866 [pool-2-thread-8] INFO  com.callcenter.thread.EmpleadoThread  - El cliente: Luisa se termino de atender a las: 2018-03-16 11:37:39
6452 [pool-1-thread-1] INFO  com.callcenter.thread.EmpleadoThread  - El cliente: Fabio Martinez Torres se termino de atender a las: 2018-03-16 11:37:39
7076 [pool-2-thread-7] INFO  com.callcenter.thread.EmpleadoThread  - El cliente: Gladys se termino de atender a las: 2018-03-16 11:37:40
7489 [pool-2-thread-1] INFO  com.callcenter.thread.EmpleadoThread  - El cliente: Fabio Martinez Torres se termino de atender a las: 2018-03-16 11:37:40
7545 [pool-1-thread-10] INFO  com.callcenter.thread.EmpleadoThread  - El cliente: Lina se termino de atender a las: 2018-03-16 11:37:41
7767 [pool-2-thread-6] INFO  com.callcenter.thread.EmpleadoThread  - El cliente: Jose se termino de atender a las: 2018-03-16 11:37:41
8198 [pool-1-thread-5] INFO  com.callcenter.thread.EmpleadoThread  - El cliente: Jose Rafael se termino de atender a las: 2018-03-16 11:37:41
8482 [pool-1-thread-7] INFO  com.callcenter.thread.EmpleadoThread  - El cliente: Gladys se termino de atender a las: 2018-03-16 11:37:41
8781 [pool-1-thread-9] INFO  com.callcenter.thread.EmpleadoThread  - El cliente: Rafael se termino de atender a las: 2018-03-16 11:37:42
8795 [pool-2-thread-10] INFO  com.callcenter.thread.EmpleadoThread  - El cliente: Lina se termino de atender a las: 2018-03-16 11:37:42
8914 [pool-2-thread-4] INFO  com.callcenter.thread.EmpleadoThread  - El cliente: Alejandra se termino de atender a las: 2018-03-16 11:37:42
9306 [pool-1-thread-8] INFO  com.callcenter.thread.EmpleadoThread  - El cliente: Luisa se termino de atender a las: 2018-03-16 11:37:42
9411 [pool-1-thread-3] INFO  com.callcenter.thread.EmpleadoThread  - El cliente: Angela se termino de atender a las: 2018-03-16 11:37:42
9631 [pool-1-thread-2] INFO  com.callcenter.thread.EmpleadoThread  - El cliente: Isabella se termino de atender a las: 2018-03-16 11:37:43
9669 [pool-2-thread-2] INFO  com.callcenter.thread.EmpleadoThread  - El cliente: Isabella se termino de atender a las: 2018-03-16 11:37:43
9787 [pool-1-thread-4] INFO  com.callcenter.thread.EmpleadoThread  - El cliente: Alejandra se termino de atender a las: 2018-03-16 11:37:43
10040 [pool-2-thread-9] INFO  com.callcenter.thread.EmpleadoThread  - El cliente: Rafael se termino de atender a las: 2018-03-16 11:37:43
11931 [pool-2-thread-3] INFO  com.callcenter.thread.EmpleadoThread  - El cliente: Elsa se termino de atender a las: 2018-03-16 11:37:45
0    [pool-1-thread-1] INFO  com.callcenter.thread.EmpleadoThread  - Inicia atendiento a cliente: Fabio Martinez Torres a las: 2018-03-16 11:38:21
0    [pool-1-thread-2] INFO  com.callcenter.thread.EmpleadoThread  - Inicia atendiento a cliente: Isabella a las: 2018-03-16 11:38:21
17   [main] INFO  com.callcenter.dispatcher.Dispatcher  - Apreciado Lina, en el momento no tenemos disponibilidad, se puesto en espera y luego sera atendido.
17   [pool-1-thread-3] INFO  com.callcenter.thread.EmpleadoThread  - Inicia atendiento a cliente: Angela a las: 2018-03-16 11:38:21
18   [pool-1-thread-4] INFO  com.callcenter.thread.EmpleadoThread  - Inicia atendiento a cliente: Alejandra a las: 2018-03-16 11:38:21
19   [pool-1-thread-6] INFO  com.callcenter.thread.EmpleadoThread  - Inicia atendiento a cliente: Jose a las: 2018-03-16 11:38:21
19   [pool-1-thread-8] INFO  com.callcenter.thread.EmpleadoThread  - Inicia atendiento a cliente: Luisa a las: 2018-03-16 11:38:21
19   [pool-1-thread-7] INFO  com.callcenter.thread.EmpleadoThread  - Inicia atendiento a cliente: Gladys a las: 2018-03-16 11:38:21
19   [pool-1-thread-9] INFO  com.callcenter.thread.EmpleadoThread  - Inicia atendiento a cliente: Rafael a las: 2018-03-16 11:38:21
20   [pool-1-thread-5] INFO  com.callcenter.thread.EmpleadoThread  - Inicia atendiento a cliente: Jose Rafael a las: 2018-03-16 11:38:21
22   [pool-1-thread-10] INFO  com.callcenter.thread.EmpleadoThread  - Inicia atendiento a cliente: Lina a las: 2018-03-16 11:38:21
5904 [pool-1-thread-10] INFO  com.callcenter.thread.EmpleadoThread  - El cliente: Lina se termino de atender a las: 2018-03-16 11:38:27
6480 [pool-1-thread-1] INFO  com.callcenter.thread.EmpleadoThread  - El cliente: Fabio Martinez Torres se termino de atender a las: 2018-03-16 11:38:28
6721 [pool-1-thread-3] INFO  com.callcenter.thread.EmpleadoThread  - El cliente: Angela se termino de atender a las: 2018-03-16 11:38:28
7165 [pool-1-thread-7] INFO  com.callcenter.thread.EmpleadoThread  - El cliente: Gladys se termino de atender a las: 2018-03-16 11:38:29
7396 [pool-1-thread-6] INFO  com.callcenter.thread.EmpleadoThread  - El cliente: Jose se termino de atender a las: 2018-03-16 11:38:29
8039 [pool-1-thread-8] INFO  com.callcenter.thread.EmpleadoThread  - El cliente: Luisa se termino de atender a las: 2018-03-16 11:38:30
8143 [pool-1-thread-4] INFO  com.callcenter.thread.EmpleadoThread  - El cliente: Alejandra se termino de atender a las: 2018-03-16 11:38:30
8453 [pool-1-thread-9] INFO  com.callcenter.thread.EmpleadoThread  - El cliente: Rafael se termino de atender a las: 2018-03-16 11:38:30
8981 [pool-1-thread-2] INFO  com.callcenter.thread.EmpleadoThread  - El cliente: Isabella se termino de atender a las: 2018-03-16 11:38:30
9454 [pool-1-thread-5] INFO  com.callcenter.thread.EmpleadoThread  - El cliente: Jose Rafael se termino de atender a las: 2018-03-16 11:38:31
18083 [main] INFO  com.callcenter.dispatcher.Dispatcher  - Apreciado Fabio Martinez Torres, en el momento no tenemos disponibilidad, se puesto en espera y luego sera atendido.
18083 [main] INFO  com.callcenter.dispatcher.Dispatcher  - Apreciado Isabella, en el momento no tenemos disponibilidad, se puesto en espera y luego sera atendido.
18083 [main] INFO  com.callcenter.dispatcher.Dispatcher  - Apreciado Angela, en el momento no tenemos disponibilidad, se puesto en espera y luego sera atendido.
18083 [main] INFO  com.callcenter.dispatcher.Dispatcher  - Apreciado Alejandra, en el momento no tenemos disponibilidad, se puesto en espera y luego sera atendido.
18083 [main] INFO  com.callcenter.dispatcher.Dispatcher  - Apreciado Jose Rafael, en el momento no tenemos disponibilidad, se puesto en espera y luego sera atendido.
18083 [main] INFO  com.callcenter.dispatcher.Dispatcher  - Apreciado Jose, en el momento no tenemos disponibilidad, se puesto en espera y luego sera atendido.
18083 [pool-2-thread-1] INFO  com.callcenter.thread.EmpleadoThread  - Inicia atendiento a cliente: Fabio Martinez Torres a las: 2018-03-16 11:38:40
18083 [main] INFO  com.callcenter.dispatcher.Dispatcher  - Apreciado Gladys, en el momento no tenemos disponibilidad, se puesto en espera y luego sera atendido.
18098 [pool-2-thread-3] INFO  com.callcenter.thread.EmpleadoThread  - Inicia atendiento a cliente: Angela a las: 2018-03-16 11:38:40
18100 [pool-2-thread-4] INFO  com.callcenter.thread.EmpleadoThread  - Inicia atendiento a cliente: Alejandra a las: 2018-03-16 11:38:40
18100 [pool-2-thread-7] INFO  com.callcenter.thread.EmpleadoThread  - Inicia atendiento a cliente: Gladys a las: 2018-03-16 11:38:40
18099 [pool-2-thread-2] INFO  com.callcenter.thread.EmpleadoThread  - Inicia atendiento a cliente: Isabella a las: 2018-03-16 11:38:40
18098 [main] INFO  com.callcenter.dispatcher.Dispatcher  - Apreciado Luisa, en el momento no tenemos disponibilidad, se puesto en espera y luego sera atendido.
18101 [pool-2-thread-6] INFO  com.callcenter.thread.EmpleadoThread  - Inicia atendiento a cliente: Jose a las: 2018-03-16 11:38:40
18100 [pool-2-thread-5] INFO  com.callcenter.thread.EmpleadoThread  - Inicia atendiento a cliente: Jose Rafael a las: 2018-03-16 11:38:40
18105 [main] INFO  com.callcenter.dispatcher.Dispatcher  - Apreciado Rafael, en el momento no tenemos disponibilidad, se puesto en espera y luego sera atendido.
18107 [main] INFO  com.callcenter.dispatcher.Dispatcher  - Apreciado Lina, en el momento no tenemos disponibilidad, se puesto en espera y luego sera atendido.
18109 [main] INFO  com.callcenter.dispatcher.Dispatcher  - Apreciado Elsa, en el momento no tenemos disponibilidad, se puesto en espera y luego sera atendido.
18112 [pool-2-thread-10] INFO  com.callcenter.thread.EmpleadoThread  - Inicia atendiento a cliente: Lina a las: 2018-03-16 11:38:40
18113 [pool-2-thread-9] INFO  com.callcenter.thread.EmpleadoThread  - Inicia atendiento a cliente: Rafael a las: 2018-03-16 11:38:40
18114 [pool-2-thread-8] INFO  com.callcenter.thread.EmpleadoThread  - Inicia atendiento a cliente: Luisa a las: 2018-03-16 11:38:40
0    [pool-1-thread-1] INFO  com.callcenter.thread.EmpleadoThread  - Inicia atendiento a cliente: Fabio Martinez Torres a las: 2018-03-16 11:39:13
9    [main] INFO  com.callcenter.dispatcher.Dispatcher  - Apreciado Lina, en el momento no tenemos disponibilidad, se puesto en espera y luego sera atendido.
12   [pool-1-thread-2] INFO  com.callcenter.thread.EmpleadoThread  - Inicia atendiento a cliente: Isabella a las: 2018-03-16 11:39:13
13   [pool-1-thread-3] INFO  com.callcenter.thread.EmpleadoThread  - Inicia atendiento a cliente: Angela a las: 2018-03-16 11:39:13
26   [pool-1-thread-4] INFO  com.callcenter.thread.EmpleadoThread  - Inicia atendiento a cliente: Alejandra a las: 2018-03-16 11:39:13
26   [pool-1-thread-5] INFO  com.callcenter.thread.EmpleadoThread  - Inicia atendiento a cliente: Jose Rafael a las: 2018-03-16 11:39:13
26   [pool-1-thread-7] INFO  com.callcenter.thread.EmpleadoThread  - Inicia atendiento a cliente: Gladys a las: 2018-03-16 11:39:13
26   [pool-1-thread-6] INFO  com.callcenter.thread.EmpleadoThread  - Inicia atendiento a cliente: Jose a las: 2018-03-16 11:39:13
26   [pool-1-thread-8] INFO  com.callcenter.thread.EmpleadoThread  - Inicia atendiento a cliente: Luisa a las: 2018-03-16 11:39:13
27   [pool-1-thread-9] INFO  com.callcenter.thread.EmpleadoThread  - Inicia atendiento a cliente: Rafael a las: 2018-03-16 11:39:13
5106 [pool-1-thread-5] INFO  com.callcenter.thread.EmpleadoThread  - El cliente: Jose Rafael se termino de atender a las: 2018-03-16 11:39:18
6146 [pool-1-thread-4] INFO  com.callcenter.thread.EmpleadoThread  - El cliente: Alejandra se termino de atender a las: 2018-03-16 11:39:19
6450 [pool-1-thread-9] INFO  com.callcenter.thread.EmpleadoThread  - El cliente: Rafael se termino de atender a las: 2018-03-16 11:39:19
7691 [pool-1-thread-6] INFO  com.callcenter.thread.EmpleadoThread  - El cliente: Jose se termino de atender a las: 2018-03-16 11:39:20
7892 [pool-1-thread-1] INFO  com.callcenter.thread.EmpleadoThread  - El cliente: Fabio Martinez Torres se termino de atender a las: 2018-03-16 11:39:21
8441 [pool-1-thread-7] INFO  com.callcenter.thread.EmpleadoThread  - El cliente: Gladys se termino de atender a las: 2018-03-16 11:39:21
8735 [pool-1-thread-2] INFO  com.callcenter.thread.EmpleadoThread  - El cliente: Isabella se termino de atender a las: 2018-03-16 11:39:22
9232 [pool-1-thread-8] INFO  com.callcenter.thread.EmpleadoThread  - El cliente: Luisa se termino de atender a las: 2018-03-16 11:39:22
9807 [pool-1-thread-3] INFO  com.callcenter.thread.EmpleadoThread  - El cliente: Angela se termino de atender a las: 2018-03-16 11:39:23
14987 [pool-1-thread-10] INFO  com.callcenter.thread.EmpleadoThread  - Inicia atendiento a cliente: Lina a las: 2018-03-16 11:39:28
16866 [main] INFO  com.callcenter.dispatcher.Dispatcher  - Apreciado Fabio Martinez Torres, en el momento no tenemos disponibilidad, se puesto en espera y luego sera atendido.
22712 [pool-1-thread-10] INFO  com.callcenter.thread.EmpleadoThread  - El cliente: Lina se termino de atender a las: 2018-03-16 11:39:36
22862 [main] INFO  com.callcenter.dispatcher.Dispatcher  - Apreciado Isabella, en el momento no tenemos disponibilidad, se puesto en espera y luego sera atendido.
22862 [main] INFO  com.callcenter.dispatcher.Dispatcher  - Apreciado Angela, en el momento no tenemos disponibilidad, se puesto en espera y luego sera atendido.
22862 [main] INFO  com.callcenter.dispatcher.Dispatcher  - Apreciado Alejandra, en el momento no tenemos disponibilidad, se puesto en espera y luego sera atendido.
22862 [main] INFO  com.callcenter.dispatcher.Dispatcher  - Apreciado Jose Rafael, en el momento no tenemos disponibilidad, se puesto en espera y luego sera atendido.
22862 [main] INFO  com.callcenter.dispatcher.Dispatcher  - Apreciado Jose, en el momento no tenemos disponibilidad, se puesto en espera y luego sera atendido.
22862 [main] INFO  com.callcenter.dispatcher.Dispatcher  - Apreciado Gladys, en el momento no tenemos disponibilidad, se puesto en espera y luego sera atendido.
22862 [main] INFO  com.callcenter.dispatcher.Dispatcher  - Apreciado Luisa, en el momento no tenemos disponibilidad, se puesto en espera y luego sera atendido.
22862 [main] INFO  com.callcenter.dispatcher.Dispatcher  - Apreciado Rafael, en el momento no tenemos disponibilidad, se puesto en espera y luego sera atendido.
22862 [main] INFO  com.callcenter.dispatcher.Dispatcher  - Apreciado Lina, en el momento no tenemos disponibilidad, se puesto en espera y luego sera atendido.
22862 [main] INFO  com.callcenter.dispatcher.Dispatcher  - Apreciado Elsa, en el momento no tenemos disponibilidad, se puesto en espera y luego sera atendido.
22875 [pool-2-thread-10] INFO  com.callcenter.thread.EmpleadoThread  - Inicia atendiento a cliente: Lina a las: 2018-03-16 11:39:36
0    [pool-1-thread-1] INFO  com.callcenter.thread.EmpleadoThread  - Inicia atendiento a cliente: Fabio Martinez Torres a las: 2018-03-16 11:40:05
0    [pool-1-thread-3] INFO  com.callcenter.thread.EmpleadoThread  - Inicia atendiento a cliente: Angela a las: 2018-03-16 11:40:05
0    [pool-1-thread-2] INFO  com.callcenter.thread.EmpleadoThread  - Inicia atendiento a cliente: Isabella a las: 2018-03-16 11:40:05
7    [pool-1-thread-4] INFO  com.callcenter.thread.EmpleadoThread  - Inicia atendiento a cliente: Alejandra a las: 2018-03-16 11:40:05
7    [pool-1-thread-5] INFO  com.callcenter.thread.EmpleadoThread  - Inicia atendiento a cliente: Jose Rafael a las: 2018-03-16 11:40:05
7    [pool-1-thread-6] INFO  com.callcenter.thread.EmpleadoThread  - Inicia atendiento a cliente: Jose a las: 2018-03-16 11:40:05
7    [pool-1-thread-7] INFO  com.callcenter.thread.EmpleadoThread  - Inicia atendiento a cliente: Gladys a las: 2018-03-16 11:40:05
8    [pool-1-thread-8] INFO  com.callcenter.thread.EmpleadoThread  - Inicia atendiento a cliente: Luisa a las: 2018-03-16 11:40:05
8    [pool-1-thread-9] INFO  com.callcenter.thread.EmpleadoThread  - Inicia atendiento a cliente: Rafael a las: 2018-03-16 11:40:05
10   [main] INFO  com.callcenter.dispatcher.Dispatcher  - Apreciado Fabio Martinez Torres, en el momento no tenemos disponibilidad, se puesto en espera y luego sera atendido.
10   [main] INFO  com.callcenter.dispatcher.Dispatcher  - Apreciado Isabella, en el momento no tenemos disponibilidad, se puesto en espera y luego sera atendido.
11   [main] INFO  com.callcenter.dispatcher.Dispatcher  - Apreciado Angela, en el momento no tenemos disponibilidad, se puesto en espera y luego sera atendido.
11   [pool-1-thread-10] INFO  com.callcenter.thread.EmpleadoThread  - Inicia atendiento a cliente: Lina a las: 2018-03-16 11:40:05
11   [pool-2-thread-1] INFO  com.callcenter.thread.EmpleadoThread  - Inicia atendiento a cliente: Fabio Martinez Torres a las: 2018-03-16 11:40:05
11   [main] INFO  com.callcenter.dispatcher.Dispatcher  - Apreciado Alejandra, en el momento no tenemos disponibilidad, se puesto en espera y luego sera atendido.
11   [pool-2-thread-2] INFO  com.callcenter.thread.EmpleadoThread  - Inicia atendiento a cliente: Isabella a las: 2018-03-16 11:40:05
11   [pool-2-thread-3] INFO  com.callcenter.thread.EmpleadoThread  - Inicia atendiento a cliente: Angela a las: 2018-03-16 11:40:05
12   [main] INFO  com.callcenter.dispatcher.Dispatcher  - Apreciado Jose Rafael, en el momento no tenemos disponibilidad, se puesto en espera y luego sera atendido.
12   [pool-2-thread-4] INFO  com.callcenter.thread.EmpleadoThread  - Inicia atendiento a cliente: Alejandra a las: 2018-03-16 11:40:05
12   [main] INFO  com.callcenter.dispatcher.Dispatcher  - Apreciado Jose, en el momento no tenemos disponibilidad, se puesto en espera y luego sera atendido.
12   [pool-2-thread-5] INFO  com.callcenter.thread.EmpleadoThread  - Inicia atendiento a cliente: Jose Rafael a las: 2018-03-16 11:40:05
13   [main] INFO  com.callcenter.dispatcher.Dispatcher  - Apreciado Gladys, en el momento no tenemos disponibilidad, se puesto en espera y luego sera atendido.
13   [pool-2-thread-6] INFO  com.callcenter.thread.EmpleadoThread  - Inicia atendiento a cliente: Jose a las: 2018-03-16 11:40:05
13   [main] INFO  com.callcenter.dispatcher.Dispatcher  - Apreciado Luisa, en el momento no tenemos disponibilidad, se puesto en espera y luego sera atendido.
13   [pool-2-thread-7] INFO  com.callcenter.thread.EmpleadoThread  - Inicia atendiento a cliente: Gladys a las: 2018-03-16 11:40:05
14   [main] INFO  com.callcenter.dispatcher.Dispatcher  - Apreciado Rafael, en el momento no tenemos disponibilidad, se puesto en espera y luego sera atendido.
14   [pool-2-thread-8] INFO  com.callcenter.thread.EmpleadoThread  - Inicia atendiento a cliente: Luisa a las: 2018-03-16 11:40:05
14   [main] INFO  com.callcenter.dispatcher.Dispatcher  - Apreciado Lina, en el momento no tenemos disponibilidad, se puesto en espera y luego sera atendido.
14   [pool-2-thread-9] INFO  com.callcenter.thread.EmpleadoThread  - Inicia atendiento a cliente: Rafael a las: 2018-03-16 11:40:05
15   [main] INFO  com.callcenter.dispatcher.Dispatcher  - Apreciado Elsa, en el momento no tenemos disponibilidad, se puesto en espera y luego sera atendido.
15   [pool-2-thread-10] INFO  com.callcenter.thread.EmpleadoThread  - Inicia atendiento a cliente: Lina a las: 2018-03-16 11:40:05
0    [pool-1-thread-1] INFO  com.callcenter.thread.EmpleadoThread  - Inicia atendiento a cliente: Fabio Martinez Torres a las: 2018-03-16 11:40:25
0    [pool-1-thread-7] INFO  com.callcenter.thread.EmpleadoThread  - Inicia atendiento a cliente: Gladys a las: 2018-03-16 11:40:25
0    [pool-1-thread-5] INFO  com.callcenter.thread.EmpleadoThread  - Inicia atendiento a cliente: Jose Rafael a las: 2018-03-16 11:40:25
0    [pool-1-thread-4] INFO  com.callcenter.thread.EmpleadoThread  - Inicia atendiento a cliente: Alejandra a las: 2018-03-16 11:40:25
0    [pool-1-thread-3] INFO  com.callcenter.thread.EmpleadoThread  - Inicia atendiento a cliente: Angela a las: 2018-03-16 11:40:25
7    [pool-1-thread-6] INFO  com.callcenter.thread.EmpleadoThread  - Inicia atendiento a cliente: Jose a las: 2018-03-16 11:40:25
0    [pool-1-thread-2] INFO  com.callcenter.thread.EmpleadoThread  - Inicia atendiento a cliente: Isabella a las: 2018-03-16 11:40:25
7    [pool-1-thread-8] INFO  com.callcenter.thread.EmpleadoThread  - Inicia atendiento a cliente: Luisa a las: 2018-03-16 11:40:25
7    [pool-1-thread-9] INFO  com.callcenter.thread.EmpleadoThread  - Inicia atendiento a cliente: Rafael a las: 2018-03-16 11:40:25
7200 [pool-1-thread-4] INFO  com.callcenter.thread.EmpleadoThread  - El cliente: Alejandra se termino de atender a las: 2018-03-16 11:40:33
7201 [pool-1-thread-4] INFO  com.callcenter.thread.EmpleadoThread  - Inicia atendiento a cliente: Lina a las: 2018-03-16 11:40:33
7565 [pool-1-thread-1] INFO  com.callcenter.thread.EmpleadoThread  - El cliente: Fabio Martinez Torres se termino de atender a las: 2018-03-16 11:40:33
7606 [pool-1-thread-2] INFO  com.callcenter.thread.EmpleadoThread  - El cliente: Isabella se termino de atender a las: 2018-03-16 11:40:33
8267 [pool-1-thread-3] INFO  com.callcenter.thread.EmpleadoThread  - El cliente: Angela se termino de atender a las: 2018-03-16 11:40:34
8629 [pool-1-thread-7] INFO  com.callcenter.thread.EmpleadoThread  - El cliente: Gladys se termino de atender a las: 2018-03-16 11:40:34
8951 [pool-1-thread-6] INFO  com.callcenter.thread.EmpleadoThread  - El cliente: Jose se termino de atender a las: 2018-03-16 11:40:34
9120 [pool-1-thread-5] INFO  com.callcenter.thread.EmpleadoThread  - El cliente: Jose Rafael se termino de atender a las: 2018-03-16 11:40:35
9697 [pool-1-thread-9] INFO  com.callcenter.thread.EmpleadoThread  - El cliente: Rafael se termino de atender a las: 2018-03-16 11:40:35
9967 [pool-1-thread-8] INFO  com.callcenter.thread.EmpleadoThread  - El cliente: Luisa se termino de atender a las: 2018-03-16 11:40:35
13397 [pool-1-thread-4] INFO  com.callcenter.thread.EmpleadoThread  - El cliente: Lina se termino de atender a las: 2018-03-16 11:40:39
0    [pool-1-thread-1] INFO  com.callcenter.thread.EmpleadoThread  - Inicia atendiento a cliente: Fabio Martinez Torres a las: 2018-03-16 11:42:03
0    [pool-1-thread-4] INFO  com.callcenter.thread.EmpleadoThread  - Inicia atendiento a cliente: Alejandra a las: 2018-03-16 11:42:03
0    [pool-1-thread-3] INFO  com.callcenter.thread.EmpleadoThread  - Inicia atendiento a cliente: Angela a las: 2018-03-16 11:42:03
0    [pool-1-thread-2] INFO  com.callcenter.thread.EmpleadoThread  - Inicia atendiento a cliente: Isabella a las: 2018-03-16 11:42:03
12   [pool-1-thread-5] INFO  com.callcenter.thread.EmpleadoThread  - Inicia atendiento a cliente: Jose Rafael a las: 2018-03-16 11:42:03
12   [pool-1-thread-6] INFO  com.callcenter.thread.EmpleadoThread  - Inicia atendiento a cliente: Jose a las: 2018-03-16 11:42:03
12   [pool-1-thread-8] INFO  com.callcenter.thread.EmpleadoThread  - Inicia atendiento a cliente: Luisa a las: 2018-03-16 11:42:03
13   [pool-1-thread-7] INFO  com.callcenter.thread.EmpleadoThread  - Inicia atendiento a cliente: Gladys a las: 2018-03-16 11:42:03
13   [pool-1-thread-9] INFO  com.callcenter.thread.EmpleadoThread  - Inicia atendiento a cliente: Rafael a las: 2018-03-16 11:42:03
5038 [pool-1-thread-9] INFO  com.callcenter.thread.EmpleadoThread  - El cliente: Rafael se termino de atender a las: 2018-03-16 11:42:08
5039 [pool-1-thread-9] INFO  com.callcenter.thread.EmpleadoThread  - Inicia atendiento a cliente: Lina a las: 2018-03-16 11:42:08
5405 [pool-1-thread-1] INFO  com.callcenter.thread.EmpleadoThread  - El cliente: Fabio Martinez Torres se termino de atender a las: 2018-03-16 11:42:09
6120 [pool-1-thread-8] INFO  com.callcenter.thread.EmpleadoThread  - El cliente: Luisa se termino de atender a las: 2018-03-16 11:42:09
6323 [pool-1-thread-4] INFO  com.callcenter.thread.EmpleadoThread  - El cliente: Alejandra se termino de atender a las: 2018-03-16 11:42:10
7026 [pool-1-thread-6] INFO  com.callcenter.thread.EmpleadoThread  - El cliente: Jose se termino de atender a las: 2018-03-16 11:42:10
7371 [pool-1-thread-5] INFO  com.callcenter.thread.EmpleadoThread  - El cliente: Jose Rafael se termino de atender a las: 2018-03-16 11:42:11
8363 [pool-1-thread-2] INFO  com.callcenter.thread.EmpleadoThread  - El cliente: Isabella se termino de atender a las: 2018-03-16 11:42:12
8772 [pool-1-thread-3] INFO  com.callcenter.thread.EmpleadoThread  - El cliente: Angela se termino de atender a las: 2018-03-16 11:42:12
9167 [pool-1-thread-7] INFO  com.callcenter.thread.EmpleadoThread  - El cliente: Gladys se termino de atender a las: 2018-03-16 11:42:12
11856 [pool-1-thread-9] INFO  com.callcenter.thread.EmpleadoThread  - El cliente: Lina se termino de atender a las: 2018-03-16 11:42:15
0    [pool-1-thread-1] INFO  com.callcenter.thread.EmpleadoThread  - Inicia atendiento a cliente: Fabio Martinez Torres a las: 2018-03-16 11:42:29
0    [pool-1-thread-3] INFO  com.callcenter.thread.EmpleadoThread  - Inicia atendiento a cliente: Angela a las: 2018-03-16 11:42:29
0    [pool-1-thread-2] INFO  com.callcenter.thread.EmpleadoThread  - Inicia atendiento a cliente: Isabella a las: 2018-03-16 11:42:29
13   [main] INFO  com.callcenter.dispatcher.Dispatcher  - Apreciado Lina, en el momento no tenemos disponibilidad, se puesto en espera y luego sera atendido.
13   [pool-1-thread-4] INFO  com.callcenter.thread.EmpleadoThread  - Inicia atendiento a cliente: Alejandra a las: 2018-03-16 11:42:29
13   [pool-1-thread-6] INFO  com.callcenter.thread.EmpleadoThread  - Inicia atendiento a cliente: Jose a las: 2018-03-16 11:42:29
14   [pool-1-thread-7] INFO  com.callcenter.thread.EmpleadoThread  - Inicia atendiento a cliente: Gladys a las: 2018-03-16 11:42:29
14   [pool-1-thread-5] INFO  com.callcenter.thread.EmpleadoThread  - Inicia atendiento a cliente: Jose Rafael a las: 2018-03-16 11:42:29
14   [pool-1-thread-9] INFO  com.callcenter.thread.EmpleadoThread  - Inicia atendiento a cliente: Rafael a las: 2018-03-16 11:42:29
14   [pool-1-thread-8] INFO  com.callcenter.thread.EmpleadoThread  - Inicia atendiento a cliente: Luisa a las: 2018-03-16 11:42:29
5678 [pool-1-thread-1] INFO  com.callcenter.thread.EmpleadoThread  - El cliente: Fabio Martinez Torres se termino de atender a las: 2018-03-16 11:42:35
5678 [pool-1-thread-1] INFO  com.callcenter.thread.EmpleadoThread  - Inicia atendiento a cliente: Lina a las: 2018-03-16 11:42:35
5927 [pool-1-thread-6] INFO  com.callcenter.thread.EmpleadoThread  - El cliente: Jose se termino de atender a las: 2018-03-16 11:42:35
6341 [pool-1-thread-4] INFO  com.callcenter.thread.EmpleadoThread  - El cliente: Alejandra se termino de atender a las: 2018-03-16 11:42:35
6479 [pool-1-thread-8] INFO  com.callcenter.thread.EmpleadoThread  - El cliente: Luisa se termino de atender a las: 2018-03-16 11:42:35
8562 [pool-1-thread-7] INFO  com.callcenter.thread.EmpleadoThread  - El cliente: Gladys se termino de atender a las: 2018-03-16 11:42:38
9049 [pool-1-thread-5] INFO  com.callcenter.thread.EmpleadoThread  - El cliente: Jose Rafael se termino de atender a las: 2018-03-16 11:42:38
0    [pool-1-thread-1] INFO  com.callcenter.thread.EmpleadoThread  - Inicia atendiento a cliente: Fabio Martinez Torres a las: 2018-03-16 11:42:49
0    [pool-1-thread-4] INFO  com.callcenter.thread.EmpleadoThread  - Inicia atendiento a cliente: Alejandra a las: 2018-03-16 11:42:49
0    [pool-1-thread-3] INFO  com.callcenter.thread.EmpleadoThread  - Inicia atendiento a cliente: Angela a las: 2018-03-16 11:42:49
0    [pool-1-thread-2] INFO  com.callcenter.thread.EmpleadoThread  - Inicia atendiento a cliente: Isabella a las: 2018-03-16 11:42:49
13   [pool-1-thread-5] INFO  com.callcenter.thread.EmpleadoThread  - Inicia atendiento a cliente: Jose Rafael a las: 2018-03-16 11:42:49
13   [pool-1-thread-6] INFO  com.callcenter.thread.EmpleadoThread  - Inicia atendiento a cliente: Jose a las: 2018-03-16 11:42:49
13   [pool-1-thread-7] INFO  com.callcenter.thread.EmpleadoThread  - Inicia atendiento a cliente: Gladys a las: 2018-03-16 11:42:49
13   [main] INFO  com.callcenter.dispatcher.Dispatcher  - Apreciado Lina, en el momento no tenemos disponibilidad, se puesto en espera y luego sera atendido.
14   [pool-1-thread-8] INFO  com.callcenter.thread.EmpleadoThread  - Inicia atendiento a cliente: Luisa a las: 2018-03-16 11:42:49
14   [pool-1-thread-9] INFO  com.callcenter.thread.EmpleadoThread  - Inicia atendiento a cliente: Rafael a las: 2018-03-16 11:42:49
14   [pool-1-thread-10] INFO  com.callcenter.thread.EmpleadoThread  - Inicia atendiento a cliente: Lina a las: 2018-03-16 11:42:49
20   [main] INFO  com.callcenter.dispatcher.Dispatcher  - Apreciado Fabio Martinez Torres, en el momento no tenemos disponibilidad, se puesto en espera y luego sera atendido.
21   [main] INFO  com.callcenter.dispatcher.Dispatcher  - Apreciado Isabella, en el momento no tenemos disponibilidad, se puesto en espera y luego sera atendido.
21   [pool-2-thread-1] INFO  com.callcenter.thread.EmpleadoThread  - Inicia atendiento a cliente: Fabio Martinez Torres a las: 2018-03-16 11:42:49
21   [main] INFO  com.callcenter.dispatcher.Dispatcher  - Apreciado Angela, en el momento no tenemos disponibilidad, se puesto en espera y luego sera atendido.
21   [pool-2-thread-2] INFO  com.callcenter.thread.EmpleadoThread  - Inicia atendiento a cliente: Isabella a las: 2018-03-16 11:42:49
21   [pool-2-thread-3] INFO  com.callcenter.thread.EmpleadoThread  - Inicia atendiento a cliente: Angela a las: 2018-03-16 11:42:49
21   [main] INFO  com.callcenter.dispatcher.Dispatcher  - Apreciado Alejandra, en el momento no tenemos disponibilidad, se puesto en espera y luego sera atendido.
22   [pool-2-thread-4] INFO  com.callcenter.thread.EmpleadoThread  - Inicia atendiento a cliente: Alejandra a las: 2018-03-16 11:42:49
22   [main] INFO  com.callcenter.dispatcher.Dispatcher  - Apreciado Jose Rafael, en el momento no tenemos disponibilidad, se puesto en espera y luego sera atendido.
22   [main] INFO  com.callcenter.dispatcher.Dispatcher  - Apreciado Jose, en el momento no tenemos disponibilidad, se puesto en espera y luego sera atendido.
23   [pool-2-thread-5] INFO  com.callcenter.thread.EmpleadoThread  - Inicia atendiento a cliente: Jose Rafael a las: 2018-03-16 11:42:49
23   [pool-2-thread-6] INFO  com.callcenter.thread.EmpleadoThread  - Inicia atendiento a cliente: Jose a las: 2018-03-16 11:42:49
23   [main] INFO  com.callcenter.dispatcher.Dispatcher  - Apreciado Gladys, en el momento no tenemos disponibilidad, se puesto en espera y luego sera atendido.
24   [main] INFO  com.callcenter.dispatcher.Dispatcher  - Apreciado Luisa, en el momento no tenemos disponibilidad, se puesto en espera y luego sera atendido.
24   [pool-2-thread-7] INFO  com.callcenter.thread.EmpleadoThread  - Inicia atendiento a cliente: Gladys a las: 2018-03-16 11:42:49
24   [pool-2-thread-8] INFO  com.callcenter.thread.EmpleadoThread  - Inicia atendiento a cliente: Luisa a las: 2018-03-16 11:42:49
24   [main] INFO  com.callcenter.dispatcher.Dispatcher  - Apreciado Rafael, en el momento no tenemos disponibilidad, se puesto en espera y luego sera atendido.
25   [main] INFO  com.callcenter.dispatcher.Dispatcher  - Apreciado Lina, en el momento no tenemos disponibilidad, se puesto en espera y luego sera atendido.
25   [pool-2-thread-9] INFO  com.callcenter.thread.EmpleadoThread  - Inicia atendiento a cliente: Rafael a las: 2018-03-16 11:42:49
25   [pool-2-thread-10] INFO  com.callcenter.thread.EmpleadoThread  - Inicia atendiento a cliente: Lina a las: 2018-03-16 11:42:49
25   [main] INFO  com.callcenter.dispatcher.Dispatcher  - Apreciado Elsa, en el momento no tenemos disponibilidad, se puesto en espera y luego sera atendido.
0    [pool-1-thread-1] INFO  com.callcenter.thread.EmpleadoThread  - Inicia atendiento a cliente: Fabio Martinez Torres a las: 2018-03-16 11:43:46
7    [pool-1-thread-2] INFO  com.callcenter.thread.EmpleadoThread  - Inicia atendiento a cliente: Isabella a las: 2018-03-16 11:43:46
7    [pool-1-thread-3] INFO  com.callcenter.thread.EmpleadoThread  - Inicia atendiento a cliente: Angela a las: 2018-03-16 11:43:46
7    [pool-1-thread-4] INFO  com.callcenter.thread.EmpleadoThread  - Inicia atendiento a cliente: Alejandra a las: 2018-03-16 11:43:46
7    [pool-1-thread-5] INFO  com.callcenter.thread.EmpleadoThread  - Inicia atendiento a cliente: Jose Rafael a las: 2018-03-16 11:43:46
8    [pool-1-thread-6] INFO  com.callcenter.thread.EmpleadoThread  - Inicia atendiento a cliente: Jose a las: 2018-03-16 11:43:46
8    [pool-1-thread-7] INFO  com.callcenter.thread.EmpleadoThread  - Inicia atendiento a cliente: Gladys a las: 2018-03-16 11:43:46
8    [pool-1-thread-8] INFO  com.callcenter.thread.EmpleadoThread  - Inicia atendiento a cliente: Luisa a las: 2018-03-16 11:43:46
8    [pool-1-thread-9] INFO  com.callcenter.thread.EmpleadoThread  - Inicia atendiento a cliente: Rafael a las: 2018-03-16 11:43:46
8    [pool-1-thread-10] INFO  com.callcenter.thread.EmpleadoThread  - Inicia atendiento a cliente: Lina a las: 2018-03-16 11:43:46
5034 [pool-1-thread-9] INFO  com.callcenter.thread.EmpleadoThread  - El cliente: Rafael se termino de atender a las: 2018-03-16 11:43:51
5346 [pool-1-thread-8] INFO  com.callcenter.thread.EmpleadoThread  - El cliente: Luisa se termino de atender a las: 2018-03-16 11:43:51
6563 [pool-1-thread-1] INFO  com.callcenter.thread.EmpleadoThread  - El cliente: Fabio Martinez Torres se termino de atender a las: 2018-03-16 11:43:52
7631 [pool-1-thread-5] INFO  com.callcenter.thread.EmpleadoThread  - El cliente: Jose Rafael se termino de atender a las: 2018-03-16 11:43:53
7899 [pool-1-thread-10] INFO  com.callcenter.thread.EmpleadoThread  - El cliente: Lina se termino de atender a las: 2018-03-16 11:43:53
7968 [pool-1-thread-6] INFO  com.callcenter.thread.EmpleadoThread  - El cliente: Jose se termino de atender a las: 2018-03-16 11:43:54
8180 [pool-1-thread-2] INFO  com.callcenter.thread.EmpleadoThread  - El cliente: Isabella se termino de atender a las: 2018-03-16 11:43:54
8184 [pool-1-thread-3] INFO  com.callcenter.thread.EmpleadoThread  - El cliente: Angela se termino de atender a las: 2018-03-16 11:43:54
8213 [pool-1-thread-7] INFO  com.callcenter.thread.EmpleadoThread  - El cliente: Gladys se termino de atender a las: 2018-03-16 11:43:54
8964 [pool-1-thread-4] INFO  com.callcenter.thread.EmpleadoThread  - El cliente: Alejandra se termino de atender a las: 2018-03-16 11:43:55
0    [pool-1-thread-1] INFO  com.callcenter.thread.EmpleadoThread  - Inicia atendiento a cliente: Fabio Martinez Torres a las: 2018-03-16 11:44:53
0    [pool-1-thread-4] INFO  com.callcenter.thread.EmpleadoThread  - Inicia atendiento a cliente: Alejandra a las: 2018-03-16 11:44:53
0    [pool-1-thread-3] INFO  com.callcenter.thread.EmpleadoThread  - Inicia atendiento a cliente: Angela a las: 2018-03-16 11:44:53
0    [pool-1-thread-2] INFO  com.callcenter.thread.EmpleadoThread  - Inicia atendiento a cliente: Isabella a las: 2018-03-16 11:44:53
10   [pool-1-thread-6] INFO  com.callcenter.thread.EmpleadoThread  - Inicia atendiento a cliente: Jose a las: 2018-03-16 11:44:53
10   [pool-1-thread-8] INFO  com.callcenter.thread.EmpleadoThread  - Inicia atendiento a cliente: Luisa a las: 2018-03-16 11:44:53
10   [pool-1-thread-7] INFO  com.callcenter.thread.EmpleadoThread  - Inicia atendiento a cliente: Gladys a las: 2018-03-16 11:44:53
11   [pool-1-thread-5] INFO  com.callcenter.thread.EmpleadoThread  - Inicia atendiento a cliente: Jose Rafael a las: 2018-03-16 11:44:53
11   [pool-1-thread-10] INFO  com.callcenter.thread.EmpleadoThread  - Inicia atendiento a cliente: Lina a las: 2018-03-16 11:44:53
11   [pool-1-thread-9] INFO  com.callcenter.thread.EmpleadoThread  - Inicia atendiento a cliente: Rafael a las: 2018-03-16 11:44:53
5242 [pool-1-thread-3] INFO  com.callcenter.thread.EmpleadoThread  - El cliente: Angela se termino de atender a las: 2018-03-16 11:44:59
5747 [pool-1-thread-2] INFO  com.callcenter.thread.EmpleadoThread  - El cliente: Isabella se termino de atender a las: 2018-03-16 11:44:59
5918 [pool-1-thread-1] INFO  com.callcenter.thread.EmpleadoThread  - El cliente: Fabio Martinez Torres se termino de atender a las: 2018-03-16 11:44:59
6413 [pool-1-thread-6] INFO  com.callcenter.thread.EmpleadoThread  - El cliente: Jose se termino de atender a las: 2018-03-16 11:45:00
6819 [pool-1-thread-10] INFO  com.callcenter.thread.EmpleadoThread  - El cliente: Lina se termino de atender a las: 2018-03-16 11:45:00
7083 [pool-1-thread-4] INFO  com.callcenter.thread.EmpleadoThread  - El cliente: Alejandra se termino de atender a las: 2018-03-16 11:45:00
7270 [pool-1-thread-7] INFO  com.callcenter.thread.EmpleadoThread  - El cliente: Gladys se termino de atender a las: 2018-03-16 11:45:01
7402 [pool-1-thread-5] INFO  com.callcenter.thread.EmpleadoThread  - El cliente: Jose Rafael se termino de atender a las: 2018-03-16 11:45:01
7575 [pool-1-thread-8] INFO  com.callcenter.thread.EmpleadoThread  - El cliente: Luisa se termino de atender a las: 2018-03-16 11:45:01
9561 [pool-1-thread-9] INFO  com.callcenter.thread.EmpleadoThread  - El cliente: Rafael se termino de atender a las: 2018-03-16 11:45:03
0    [pool-1-thread-1] INFO  com.callcenter.thread.EmpleadoThread  - Inicia atendiento a cliente: Fabio Martinez Torres a las: 2018-03-16 11:45:32
15   [main] INFO  com.callcenter.dispatcher.Dispatcher  - Apreciado Lina, en el momento no tenemos disponibilidad, se puesto en espera y luego sera atendido.
15   [pool-1-thread-2] INFO  com.callcenter.thread.EmpleadoThread  - Inicia atendiento a cliente: Isabella a las: 2018-03-16 11:45:32
16   [pool-1-thread-3] INFO  com.callcenter.thread.EmpleadoThread  - Inicia atendiento a cliente: Angela a las: 2018-03-16 11:45:32
16   [pool-1-thread-4] INFO  com.callcenter.thread.EmpleadoThread  - Inicia atendiento a cliente: Alejandra a las: 2018-03-16 11:45:32
17   [pool-1-thread-5] INFO  com.callcenter.thread.EmpleadoThread  - Inicia atendiento a cliente: Jose Rafael a las: 2018-03-16 11:45:32
17   [pool-1-thread-6] INFO  com.callcenter.thread.EmpleadoThread  - Inicia atendiento a cliente: Jose a las: 2018-03-16 11:45:32
18   [pool-1-thread-7] INFO  com.callcenter.thread.EmpleadoThread  - Inicia atendiento a cliente: Gladys a las: 2018-03-16 11:45:32
18   [pool-1-thread-8] INFO  com.callcenter.thread.EmpleadoThread  - Inicia atendiento a cliente: Luisa a las: 2018-03-16 11:45:32
19   [pool-1-thread-9] INFO  com.callcenter.thread.EmpleadoThread  - Inicia atendiento a cliente: Rafael a las: 2018-03-16 11:45:32
20   [pool-1-thread-10] INFO  com.callcenter.thread.EmpleadoThread  - Inicia atendiento a cliente: Lina a las: 2018-03-16 11:45:32
23   [main] INFO  com.callcenter.dispatcher.Dispatcher  - Apreciado Fabio Martinez Torres, en el momento no tenemos disponibilidad, se puesto en espera y luego sera atendido.
24   [main] INFO  com.callcenter.dispatcher.Dispatcher  - Apreciado Isabella, en el momento no tenemos disponibilidad, se puesto en espera y luego sera atendido.
24   [pool-2-thread-1] INFO  com.callcenter.thread.EmpleadoThread  - Inicia atendiento a cliente: Fabio Martinez Torres a las: 2018-03-16 11:45:32
24   [main] INFO  com.callcenter.dispatcher.Dispatcher  - Apreciado Angela, en el momento no tenemos disponibilidad, se puesto en espera y luego sera atendido.
24   [pool-2-thread-2] INFO  com.callcenter.thread.EmpleadoThread  - Inicia atendiento a cliente: Isabella a las: 2018-03-16 11:45:32
25   [main] INFO  com.callcenter.dispatcher.Dispatcher  - Apreciado Alejandra, en el momento no tenemos disponibilidad, se puesto en espera y luego sera atendido.
25   [main] INFO  com.callcenter.dispatcher.Dispatcher  - Apreciado Jose Rafael, en el momento no tenemos disponibilidad, se puesto en espera y luego sera atendido.
26   [pool-2-thread-3] INFO  com.callcenter.thread.EmpleadoThread  - Inicia atendiento a cliente: Angela a las: 2018-03-16 11:45:32
26   [main] INFO  com.callcenter.dispatcher.Dispatcher  - Apreciado Jose, en el momento no tenemos disponibilidad, se puesto en espera y luego sera atendido.
26   [pool-2-thread-4] INFO  com.callcenter.thread.EmpleadoThread  - Inicia atendiento a cliente: Alejandra a las: 2018-03-16 11:45:32
27   [pool-2-thread-5] INFO  com.callcenter.thread.EmpleadoThread  - Inicia atendiento a cliente: Jose Rafael a las: 2018-03-16 11:45:32
27   [pool-2-thread-6] INFO  com.callcenter.thread.EmpleadoThread  - Inicia atendiento a cliente: Jose a las: 2018-03-16 11:45:32
27   [main] INFO  com.callcenter.dispatcher.Dispatcher  - Apreciado Gladys, en el momento no tenemos disponibilidad, se puesto en espera y luego sera atendido.
28   [main] INFO  com.callcenter.dispatcher.Dispatcher  - Apreciado Luisa, en el momento no tenemos disponibilidad, se puesto en espera y luego sera atendido.
28   [pool-2-thread-7] INFO  com.callcenter.thread.EmpleadoThread  - Inicia atendiento a cliente: Gladys a las: 2018-03-16 11:45:32
28   [main] INFO  com.callcenter.dispatcher.Dispatcher  - Apreciado Rafael, en el momento no tenemos disponibilidad, se puesto en espera y luego sera atendido.
29   [main] INFO  com.callcenter.dispatcher.Dispatcher  - Apreciado Lina, en el momento no tenemos disponibilidad, se puesto en espera y luego sera atendido.
30   [main] INFO  com.callcenter.dispatcher.Dispatcher  - Apreciado Elsa, en el momento no tenemos disponibilidad, se puesto en espera y luego sera atendido.
31   [pool-2-thread-8] INFO  com.callcenter.thread.EmpleadoThread  - Inicia atendiento a cliente: Luisa a las: 2018-03-16 11:45:32
31   [pool-2-thread-9] INFO  com.callcenter.thread.EmpleadoThread  - Inicia atendiento a cliente: Rafael a las: 2018-03-16 11:45:32
0    [pool-1-thread-1] INFO  com.callcenter.thread.EmpleadoThread  - Inicia atendiento a cliente: Fabio Martinez Torres a las: 2018-03-16 11:47:56
0    [pool-1-thread-3] INFO  com.callcenter.thread.EmpleadoThread  - Inicia atendiento a cliente: Angela a las: 2018-03-16 11:47:56
16   [pool-1-thread-4] INFO  com.callcenter.thread.EmpleadoThread  - Inicia atendiento a cliente: Alejandra a las: 2018-03-16 11:47:56
16   [pool-1-thread-5] INFO  com.callcenter.thread.EmpleadoThread  - Inicia atendiento a cliente: Jose Rafael a las: 2018-03-16 11:47:56
16   [main] INFO  com.callcenter.dispatcher.Dispatcher  - Apreciado Lina, en el momento no tenemos disponibilidad, se puesto en espera y luego sera atendido.
0    [pool-1-thread-2] INFO  com.callcenter.thread.EmpleadoThread  - Inicia atendiento a cliente: Isabella a las: 2018-03-16 11:47:56
16   [pool-1-thread-6] INFO  com.callcenter.thread.EmpleadoThread  - Inicia atendiento a cliente: Jose a las: 2018-03-16 11:47:56
17   [pool-1-thread-8] INFO  com.callcenter.thread.EmpleadoThread  - Inicia atendiento a cliente: Luisa a las: 2018-03-16 11:47:56
17   [pool-1-thread-9] INFO  com.callcenter.thread.EmpleadoThread  - Inicia atendiento a cliente: Rafael a las: 2018-03-16 11:47:56
17   [pool-1-thread-7] INFO  com.callcenter.thread.EmpleadoThread  - Inicia atendiento a cliente: Gladys a las: 2018-03-16 11:47:56
17   [pool-1-thread-10] INFO  com.callcenter.thread.EmpleadoThread  - Inicia atendiento a cliente: Lina a las: 2018-03-16 11:47:56
23   [main] INFO  com.callcenter.dispatcher.Dispatcher  - Apreciado Fabio Martinez Torres, en el momento no tenemos disponibilidad, se puesto en espera y luego sera atendido.
23   [main] INFO  com.callcenter.dispatcher.Dispatcher  - Apreciado Isabella, en el momento no tenemos disponibilidad, se puesto en espera y luego sera atendido.
23   [pool-2-thread-1] INFO  com.callcenter.thread.EmpleadoThread  - Inicia atendiento a cliente: Fabio Martinez Torres a las: 2018-03-16 11:47:56
24   [main] INFO  com.callcenter.dispatcher.Dispatcher  - Apreciado Angela, en el momento no tenemos disponibilidad, se puesto en espera y luego sera atendido.
24   [pool-2-thread-2] INFO  com.callcenter.thread.EmpleadoThread  - Inicia atendiento a cliente: Isabella a las: 2018-03-16 11:47:56
24   [main] INFO  com.callcenter.dispatcher.Dispatcher  - Apreciado Alejandra, en el momento no tenemos disponibilidad, se puesto en espera y luego sera atendido.
24   [pool-2-thread-3] INFO  com.callcenter.thread.EmpleadoThread  - Inicia atendiento a cliente: Angela a las: 2018-03-16 11:47:56
25   [main] INFO  com.callcenter.dispatcher.Dispatcher  - Apreciado Jose Rafael, en el momento no tenemos disponibilidad, se puesto en espera y luego sera atendido.
26   [pool-2-thread-4] INFO  com.callcenter.thread.EmpleadoThread  - Inicia atendiento a cliente: Alejandra a las: 2018-03-16 11:47:56
26   [main] INFO  com.callcenter.dispatcher.Dispatcher  - Apreciado Jose, en el momento no tenemos disponibilidad, se puesto en espera y luego sera atendido.
26   [pool-2-thread-5] INFO  com.callcenter.thread.EmpleadoThread  - Inicia atendiento a cliente: Jose Rafael a las: 2018-03-16 11:47:56
26   [pool-2-thread-6] INFO  com.callcenter.thread.EmpleadoThread  - Inicia atendiento a cliente: Jose a las: 2018-03-16 11:47:56
26   [main] INFO  com.callcenter.dispatcher.Dispatcher  - Apreciado Gladys, en el momento no tenemos disponibilidad, se puesto en espera y luego sera atendido.
27   [main] INFO  com.callcenter.dispatcher.Dispatcher  - Apreciado Luisa, en el momento no tenemos disponibilidad, se puesto en espera y luego sera atendido.
28   [main] INFO  com.callcenter.dispatcher.Dispatcher  - Apreciado Rafael, en el momento no tenemos disponibilidad, se puesto en espera y luego sera atendido.
28   [main] INFO  com.callcenter.dispatcher.Dispatcher  - Apreciado Lina, en el momento no tenemos disponibilidad, se puesto en espera y luego sera atendido.
29   [main] INFO  com.callcenter.dispatcher.Dispatcher  - Apreciado Elsa, en el momento no tenemos disponibilidad, se puesto en espera y luego sera atendido.
31   [pool-2-thread-7] INFO  com.callcenter.thread.EmpleadoThread  - Inicia atendiento a cliente: Gladys a las: 2018-03-16 11:47:56
0    [pool-1-thread-1] INFO  com.callcenter.thread.EmpleadoThread  - Inicia atendiento a cliente: Fabio Martinez Torres a las: 2018-03-16 11:49:40
0    [pool-1-thread-4] INFO  com.callcenter.thread.EmpleadoThread  - Inicia atendiento a cliente: Alejandra a las: 2018-03-16 11:49:40
0    [pool-1-thread-3] INFO  com.callcenter.thread.EmpleadoThread  - Inicia atendiento a cliente: Angela a las: 2018-03-16 11:49:40
0    [pool-1-thread-2] INFO  com.callcenter.thread.EmpleadoThread  - Inicia atendiento a cliente: Isabella a las: 2018-03-16 11:49:40
11   [pool-1-thread-5] INFO  com.callcenter.thread.EmpleadoThread  - Inicia atendiento a cliente: Jose Rafael a las: 2018-03-16 11:49:40
12   [main] INFO  com.callcenter.dispatcher.Dispatcher  - Apreciado Lina, en el momento no tenemos disponibilidad, se puesto en espera y luego sera atendido.
12   [pool-1-thread-6] INFO  com.callcenter.thread.EmpleadoThread  - Inicia atendiento a cliente: Jose a las: 2018-03-16 11:49:40
12   [pool-1-thread-8] INFO  com.callcenter.thread.EmpleadoThread  - Inicia atendiento a cliente: Luisa a las: 2018-03-16 11:49:40
12   [pool-1-thread-9] INFO  com.callcenter.thread.EmpleadoThread  - Inicia atendiento a cliente: Rafael a las: 2018-03-16 11:49:40
12   [pool-1-thread-7] INFO  com.callcenter.thread.EmpleadoThread  - Inicia atendiento a cliente: Gladys a las: 2018-03-16 11:49:40
13   [pool-1-thread-10] INFO  com.callcenter.thread.EmpleadoThread  - Inicia atendiento a cliente: Lina a las: 2018-03-16 11:49:40
19   [main] INFO  com.callcenter.dispatcher.Dispatcher  - Apreciado Fabio Martinez Torres, en el momento no tenemos disponibilidad, se puesto en espera y luego sera atendido.
20   [main] INFO  com.callcenter.dispatcher.Dispatcher  - Apreciado Isabella, en el momento no tenemos disponibilidad, se puesto en espera y luego sera atendido.
20   [pool-2-thread-1] INFO  com.callcenter.thread.EmpleadoThread  - Inicia atendiento a cliente: Fabio Martinez Torres a las: 2018-03-16 11:49:40
21   [pool-2-thread-2] INFO  com.callcenter.thread.EmpleadoThread  - Inicia atendiento a cliente: Isabella a las: 2018-03-16 11:49:40
21   [main] INFO  com.callcenter.dispatcher.Dispatcher  - Apreciado Angela, en el momento no tenemos disponibilidad, se puesto en espera y luego sera atendido.
22   [main] INFO  com.callcenter.dispatcher.Dispatcher  - Apreciado Alejandra, en el momento no tenemos disponibilidad, se puesto en espera y luego sera atendido.
23   [main] INFO  com.callcenter.dispatcher.Dispatcher  - Apreciado Jose Rafael, en el momento no tenemos disponibilidad, se puesto en espera y luego sera atendido.
23   [pool-2-thread-3] INFO  com.callcenter.thread.EmpleadoThread  - Inicia atendiento a cliente: Angela a las: 2018-03-16 11:49:40
24   [main] INFO  com.callcenter.dispatcher.Dispatcher  - Apreciado Jose, en el momento no tenemos disponibilidad, se puesto en espera y luego sera atendido.
24   [pool-2-thread-4] INFO  com.callcenter.thread.EmpleadoThread  - Inicia atendiento a cliente: Alejandra a las: 2018-03-16 11:49:40
24   [main] INFO  com.callcenter.dispatcher.Dispatcher  - Apreciado Gladys, en el momento no tenemos disponibilidad, se puesto en espera y luego sera atendido.
25   [main] INFO  com.callcenter.dispatcher.Dispatcher  - Apreciado Luisa, en el momento no tenemos disponibilidad, se puesto en espera y luego sera atendido.
26   [main] INFO  com.callcenter.dispatcher.Dispatcher  - Apreciado Rafael, en el momento no tenemos disponibilidad, se puesto en espera y luego sera atendido.
26   [main] INFO  com.callcenter.dispatcher.Dispatcher  - Apreciado Lina, en el momento no tenemos disponibilidad, se puesto en espera y luego sera atendido.
27   [main] INFO  com.callcenter.dispatcher.Dispatcher  - Apreciado Elsa, en el momento no tenemos disponibilidad, se puesto en espera y luego sera atendido.
27   [pool-2-thread-5] INFO  com.callcenter.thread.EmpleadoThread  - Inicia atendiento a cliente: Jose Rafael a las: 2018-03-16 11:49:40
28   [pool-2-thread-6] INFO  com.callcenter.thread.EmpleadoThread  - Inicia atendiento a cliente: Jose a las: 2018-03-16 11:49:40
